十一月 22, 2019 10:48:46 上午 org.apache.catalina.startup.VersionLoggerListener log
信息: Server version:        Apache Tomcat/7.0.96
十一月 22, 2019 10:48:46 上午 org.apache.catalina.startup.VersionLoggerListener log
信息: Server built:          Jul 24 2019 13:00:10 UTC
十一月 22, 2019 10:48:46 上午 org.apache.catalina.startup.VersionLoggerListener log
信息: Server number:         7.0.96.0
十一月 22, 2019 10:48:46 上午 org.apache.catalina.startup.VersionLoggerListener log
信息: OS Name:               Windows 10
十一月 22, 2019 10:48:46 上午 org.apache.catalina.startup.VersionLoggerListener log
信息: OS Version:            10.0
十一月 22, 2019 10:48:46 上午 org.apache.catalina.startup.VersionLoggerListener log
信息: Architecture:          amd64
十一月 22, 2019 10:48:46 上午 org.apache.catalina.startup.VersionLoggerListener log
信息: Java Home:             C:\Program Files\Java\jdk1.8.0_131\jre
十一月 22, 2019 10:48:46 上午 org.apache.catalina.startup.VersionLoggerListener log
信息: JVM Version:           1.8.0_131-b11
十一月 22, 2019 10:48:46 上午 org.apache.catalina.startup.VersionLoggerListener log
信息: JVM Vendor:            Oracle Corporation
十一月 22, 2019 10:48:46 上午 org.apache.catalina.startup.VersionLoggerListener log
信息: CATALINA_BASE:         C:\Users\SWSH\.IntelliJIdea2018.3\system\tomcat\Unnamed_blog
十一月 22, 2019 10:48:46 上午 org.apache.catalina.startup.VersionLoggerListener log
信息: CATALINA_HOME:         C:\Program Files\apache-tomcat-7.0.96
十一月 22, 2019 10:48:46 上午 org.apache.catalina.startup.VersionLoggerListener log
信息: Command line argument: -Djava.util.logging.config.file=C:\Users\SWSH\.IntelliJIdea2018.3\system\tomcat\Unnamed_blog\conf\logging.properties
十一月 22, 2019 10:48:46 上午 org.apache.catalina.startup.VersionLoggerListener log
信息: Command line argument: -Djava.util.logging.manager=org.apache.juli.ClassLoaderLogManager
十一月 22, 2019 10:48:46 上午 org.apache.catalina.startup.VersionLoggerListener log
信息: Command line argument: -Dcom.sun.management.jmxremote=
十一月 22, 2019 10:48:46 上午 org.apache.catalina.startup.VersionLoggerListener log
信息: Command line argument: -Dcom.sun.management.jmxremote.port=1099
十一月 22, 2019 10:48:46 上午 org.apache.catalina.startup.VersionLoggerListener log
信息: Command line argument: -Dcom.sun.management.jmxremote.ssl=false
十一月 22, 2019 10:48:46 上午 org.apache.catalina.startup.VersionLoggerListener log
信息: Command line argument: -Dcom.sun.management.jmxremote.password.file=C:\Users\SWSH\.IntelliJIdea2018.3\system\tomcat\Unnamed_blog\jmxremote.password
十一月 22, 2019 10:48:46 上午 org.apache.catalina.startup.VersionLoggerListener log
信息: Command line argument: -Dcom.sun.management.jmxremote.access.file=C:\Users\SWSH\.IntelliJIdea2018.3\system\tomcat\Unnamed_blog\jmxremote.access
十一月 22, 2019 10:48:46 上午 org.apache.catalina.startup.VersionLoggerListener log
信息: Command line argument: -Djava.rmi.server.hostname=127.0.0.1
十一月 22, 2019 10:48:46 上午 org.apache.catalina.startup.VersionLoggerListener log
信息: Command line argument: -Djdk.tls.ephemeralDHKeySize=2048
十一月 22, 2019 10:48:46 上午 org.apache.catalina.startup.VersionLoggerListener log
信息: Command line argument: -Dignore.endorsed.dirs=
十一月 22, 2019 10:48:46 上午 org.apache.catalina.startup.VersionLoggerListener log
信息: Command line argument: -Dcatalina.base=C:\Users\SWSH\.IntelliJIdea2018.3\system\tomcat\Unnamed_blog
十一月 22, 2019 10:48:46 上午 org.apache.catalina.startup.VersionLoggerListener log
信息: Command line argument: -Dcatalina.home=C:\Program Files\apache-tomcat-7.0.96
十一月 22, 2019 10:48:46 上午 org.apache.catalina.startup.VersionLoggerListener log
信息: Command line argument: -Djava.io.tmpdir=C:\Program Files\apache-tomcat-7.0.96\temp
十一月 22, 2019 10:48:46 上午 org.apache.catalina.core.AprLifecycleListener lifecycleEvent
信息: Loaded APR based Apache Tomcat Native library 1.2.23 using APR version 1.7.0.
十一月 22, 2019 10:48:46 上午 org.apache.catalina.core.AprLifecycleListener lifecycleEvent
信息: APR capabilities: IPv6 [true], sendfile [true], accept filters [false], random [true].
十一月 22, 2019 10:48:46 上午 org.apache.catalina.core.AprLifecycleListener initializeSSL
信息: OpenSSL successfully initialized (OpenSSL 1.1.1c  28 May 2019)
十一月 22, 2019 10:48:46 上午 org.apache.coyote.AbstractProtocol init
信息: Initializing ProtocolHandler ["http-apr-8080"]
十一月 22, 2019 10:48:46 上午 org.apache.coyote.AbstractProtocol init
信息: Initializing ProtocolHandler ["ajp-apr-8009"]
十一月 22, 2019 10:48:46 上午 org.apache.catalina.startup.Catalina load
信息: Initialization processed in 382 ms
十一月 22, 2019 10:48:47 上午 org.apache.catalina.core.StandardService startInternal
信息: Starting service Catalina
十一月 22, 2019 10:48:47 上午 org.apache.catalina.core.StandardEngine startInternal
信息: Starting Servlet Engine: Apache Tomcat/7.0.96
十一月 22, 2019 10:48:47 上午 org.apache.coyote.AbstractProtocol start
信息: Starting ProtocolHandler ["http-apr-8080"]
十一月 22, 2019 10:48:47 上午 org.apache.coyote.AbstractProtocol start
信息: Starting ProtocolHandler ["ajp-apr-8009"]
十一月 22, 2019 10:48:47 上午 org.apache.catalina.startup.Catalina start
信息: Server startup in 46 ms
十一月 22, 2019 10:48:47 上午 org.apache.catalina.loader.WebappClassLoaderBase validateJarFile
信息: validateJarFile(C:\Users\SWSH\Desktop\新建文件夹 (3)\blog\target\blog\WEB-INF\lib\javax.servlet-api-3.1.0.jar) - jar not loaded. See Servlet Spec 3.0, section 10.7.2. Offending class: javax/servlet/Servlet.class
十一月 22, 2019 10:48:47 上午 org.apache.catalina.deploy.WebXml setVersion
警告: Unknown version string [3.1]. Default version will be used.
十一月 22, 2019 10:48:50 上午 org.apache.catalina.startup.TldConfig execute
信息: At least one JAR was scanned for TLDs yet contained no TLDs. Enable debug logging for this logger for a complete list of JARs that were scanned but no TLDs were found in them. Skipping unneeded JARs during scanning can improve startup time and JSP compilation time.
十一月 22, 2019 10:48:51 上午 org.hibernate.Version logVersion
INFO: HHH000412: Hibernate Core {5.3.7.Final}
十一月 22, 2019 10:48:51 上午 org.hibernate.cfg.Environment <clinit>
INFO: HHH000206: hibernate.properties not found
十一月 22, 2019 10:48:51 上午 org.hibernate.annotations.common.reflection.java.JavaReflectionManager <clinit>
INFO: HCANN000001: Hibernate Commons Annotations {5.0.4.Final}
十一月 22, 2019 10:48:52 上午 org.hibernate.engine.jdbc.env.internal.JdbcEnvironmentInitiator initiateService
WARN: HHH000342: Could not obtain connection to query metadata : Cannot create PoolableConnectionFactory (Access denied for user 'root'@'localhost' (using password: YES))
十一月 22, 2019 10:48:52 上午 org.hibernate.dialect.Dialect <init>
INFO: HHH000400: Using dialect: org.hibernate.dialect.MySQLDialect
十一月 22, 2019 10:48:52 上午 org.hibernate.engine.jdbc.env.internal.LobCreatorBuilderImpl makeLobCreatorBuilder
INFO: HHH000422: Disabling contextual LOB creation as connection was null
十一月 22, 2019 10:48:55 上午 org.hibernate.engine.jdbc.spi.SqlExceptionHelper logExceptions
WARN: SQL Error: 0, SQLState: null
十一月 22, 2019 10:48:55 上午 org.hibernate.engine.jdbc.spi.SqlExceptionHelper logExceptions
ERROR: Cannot create PoolableConnectionFactory (Access denied for user 'root'@'localhost' (using password: YES))
十一月 22, 2019 10:48:56 上午 org.hibernate.engine.jdbc.spi.SqlExceptionHelper logExceptions
WARN: SQL Error: 0, SQLState: null
十一月 22, 2019 10:48:56 上午 org.hibernate.engine.jdbc.spi.SqlExceptionHelper logExceptions
ERROR: Cannot create PoolableConnectionFactory (Access denied for user 'root'@'localhost' (using password: YES))
十一月 22, 2019 10:48:57 上午 org.apache.catalina.startup.HostConfig deployDirectory
信息: Deploying web application directory C:\Program Files\apache-tomcat-7.0.96\webapps\manager
十一月 22, 2019 10:48:57 上午 org.apache.catalina.startup.HostConfig deployDirectory
信息: Deployment of web application directory C:\Program Files\apache-tomcat-7.0.96\webapps\manager has finished in 113 ms
十一月 22, 2019 10:49:28 上午 org.apache.catalina.core.StandardServer await
信息: A valid shutdown command was received via the shutdown port. Stopping the Server instance.
十一月 22, 2019 10:49:28 上午 org.apache.coyote.AbstractProtocol pause
信息: Pausing ProtocolHandler ["http-apr-8080"]
十一月 22, 2019 10:49:28 上午 org.apache.coyote.AbstractProtocol pause
信息: Pausing ProtocolHandler ["ajp-apr-8009"]
十一月 22, 2019 10:49:28 上午 org.apache.catalina.core.StandardService stopInternal
信息: Stopping service Catalina
十一月 22, 2019 10:49:28 上午 org.apache.catalina.loader.WebappClassLoaderBase clearReferencesJdbc
严重: The web application [/blog] registered the JDBC driver [com.mysql.cj.jdbc.Driver] but failed to unregister it when the web application was stopped. To prevent a memory leak, the JDBC Driver has been forcibly unregistered.
十一月 22, 2019 10:49:28 上午 org.apache.coyote.AbstractProtocol stop
信息: Stopping ProtocolHandler ["http-apr-8080"]
十一月 22, 2019 10:49:28 上午 org.apache.coyote.AbstractProtocol stop
信息: Stopping ProtocolHandler ["ajp-apr-8009"]
十一月 22, 2019 10:49:28 上午 org.apache.coyote.AbstractProtocol destroy
信息: Destroying ProtocolHandler ["http-apr-8080"]
十一月 22, 2019 10:49:28 上午 org.apache.coyote.AbstractProtocol destroy
信息: Destroying ProtocolHandler ["ajp-apr-8009"]
十一月 22, 2019 10:49:42 上午 org.apache.catalina.startup.VersionLoggerListener log
信息: Server version:        Apache Tomcat/7.0.96
十一月 22, 2019 10:49:42 上午 org.apache.catalina.startup.VersionLoggerListener log
信息: Server built:          Jul 24 2019 13:00:10 UTC
十一月 22, 2019 10:49:42 上午 org.apache.catalina.startup.VersionLoggerListener log
信息: Server number:         7.0.96.0
十一月 22, 2019 10:49:42 上午 org.apache.catalina.startup.VersionLoggerListener log
信息: OS Name:               Windows 10
十一月 22, 2019 10:49:42 上午 org.apache.catalina.startup.VersionLoggerListener log
信息: OS Version:            10.0
十一月 22, 2019 10:49:42 上午 org.apache.catalina.startup.VersionLoggerListener log
信息: Architecture:          amd64
十一月 22, 2019 10:49:42 上午 org.apache.catalina.startup.VersionLoggerListener log
信息: Java Home:             C:\Program Files\Java\jdk1.8.0_131\jre
十一月 22, 2019 10:49:42 上午 org.apache.catalina.startup.VersionLoggerListener log
信息: JVM Version:           1.8.0_131-b11
十一月 22, 2019 10:49:42 上午 org.apache.catalina.startup.VersionLoggerListener log
信息: JVM Vendor:            Oracle Corporation
十一月 22, 2019 10:49:42 上午 org.apache.catalina.startup.VersionLoggerListener log
信息: CATALINA_BASE:         C:\Users\SWSH\.IntelliJIdea2018.3\system\tomcat\Unnamed_blog
十一月 22, 2019 10:49:42 上午 org.apache.catalina.startup.VersionLoggerListener log
信息: CATALINA_HOME:         C:\Program Files\apache-tomcat-7.0.96
十一月 22, 2019 10:49:42 上午 org.apache.catalina.startup.VersionLoggerListener log
信息: Command line argument: -Djava.util.logging.config.file=C:\Users\SWSH\.IntelliJIdea2018.3\system\tomcat\Unnamed_blog\conf\logging.properties
十一月 22, 2019 10:49:42 上午 org.apache.catalina.startup.VersionLoggerListener log
信息: Command line argument: -Djava.util.logging.manager=org.apache.juli.ClassLoaderLogManager
十一月 22, 2019 10:49:42 上午 org.apache.catalina.startup.VersionLoggerListener log
信息: Command line argument: -Dcom.sun.management.jmxremote=
十一月 22, 2019 10:49:42 上午 org.apache.catalina.startup.VersionLoggerListener log
信息: Command line argument: -Dcom.sun.management.jmxremote.port=1099
十一月 22, 2019 10:49:42 上午 org.apache.catalina.startup.VersionLoggerListener log
信息: Command line argument: -Dcom.sun.management.jmxremote.ssl=false
十一月 22, 2019 10:49:42 上午 org.apache.catalina.startup.VersionLoggerListener log
信息: Command line argument: -Dcom.sun.management.jmxremote.password.file=C:\Users\SWSH\.IntelliJIdea2018.3\system\tomcat\Unnamed_blog\jmxremote.password
十一月 22, 2019 10:49:42 上午 org.apache.catalina.startup.VersionLoggerListener log
信息: Command line argument: -Dcom.sun.management.jmxremote.access.file=C:\Users\SWSH\.IntelliJIdea2018.3\system\tomcat\Unnamed_blog\jmxremote.access
十一月 22, 2019 10:49:42 上午 org.apache.catalina.startup.VersionLoggerListener log
信息: Command line argument: -Djava.rmi.server.hostname=127.0.0.1
十一月 22, 2019 10:49:42 上午 org.apache.catalina.startup.VersionLoggerListener log
信息: Command line argument: -Djdk.tls.ephemeralDHKeySize=2048
十一月 22, 2019 10:49:42 上午 org.apache.catalina.startup.VersionLoggerListener log
信息: Command line argument: -Dignore.endorsed.dirs=
十一月 22, 2019 10:49:42 上午 org.apache.catalina.startup.VersionLoggerListener log
信息: Command line argument: -Dcatalina.base=C:\Users\SWSH\.IntelliJIdea2018.3\system\tomcat\Unnamed_blog
十一月 22, 2019 10:49:42 上午 org.apache.catalina.startup.VersionLoggerListener log
信息: Command line argument: -Dcatalina.home=C:\Program Files\apache-tomcat-7.0.96
十一月 22, 2019 10:49:42 上午 org.apache.catalina.startup.VersionLoggerListener log
信息: Command line argument: -Djava.io.tmpdir=C:\Program Files\apache-tomcat-7.0.96\temp
十一月 22, 2019 10:49:42 上午 org.apache.catalina.core.AprLifecycleListener lifecycleEvent
信息: Loaded APR based Apache Tomcat Native library 1.2.23 using APR version 1.7.0.
十一月 22, 2019 10:49:42 上午 org.apache.catalina.core.AprLifecycleListener lifecycleEvent
信息: APR capabilities: IPv6 [true], sendfile [true], accept filters [false], random [true].
十一月 22, 2019 10:49:42 上午 org.apache.catalina.core.AprLifecycleListener initializeSSL
信息: OpenSSL successfully initialized (OpenSSL 1.1.1c  28 May 2019)
十一月 22, 2019 10:49:42 上午 org.apache.coyote.AbstractProtocol init
信息: Initializing ProtocolHandler ["http-apr-8080"]
十一月 22, 2019 10:49:42 上午 org.apache.coyote.AbstractProtocol init
信息: Initializing ProtocolHandler ["ajp-apr-8009"]
十一月 22, 2019 10:49:42 上午 org.apache.catalina.startup.Catalina load
信息: Initialization processed in 358 ms
十一月 22, 2019 10:49:42 上午 org.apache.catalina.core.StandardService startInternal
信息: Starting service Catalina
十一月 22, 2019 10:49:42 上午 org.apache.catalina.core.StandardEngine startInternal
信息: Starting Servlet Engine: Apache Tomcat/7.0.96
十一月 22, 2019 10:49:42 上午 org.apache.coyote.AbstractProtocol start
信息: Starting ProtocolHandler ["http-apr-8080"]
十一月 22, 2019 10:49:42 上午 org.apache.coyote.AbstractProtocol start
信息: Starting ProtocolHandler ["ajp-apr-8009"]
十一月 22, 2019 10:49:42 上午 org.apache.catalina.startup.Catalina start
信息: Server startup in 49 ms
十一月 22, 2019 10:49:42 上午 org.apache.catalina.loader.WebappClassLoaderBase validateJarFile
信息: validateJarFile(C:\Users\SWSH\Desktop\新建文件夹 (3)\blog\target\blog\WEB-INF\lib\javax.servlet-api-3.1.0.jar) - jar not loaded. See Servlet Spec 3.0, section 10.7.2. Offending class: javax/servlet/Servlet.class
十一月 22, 2019 10:49:42 上午 org.apache.catalina.deploy.WebXml setVersion
警告: Unknown version string [3.1]. Default version will be used.
十一月 22, 2019 10:49:44 上午 org.apache.catalina.startup.TldConfig execute
信息: At least one JAR was scanned for TLDs yet contained no TLDs. Enable debug logging for this logger for a complete list of JARs that were scanned but no TLDs were found in them. Skipping unneeded JARs during scanning can improve startup time and JSP compilation time.
十一月 22, 2019 10:49:45 上午 org.hibernate.Version logVersion
INFO: HHH000412: Hibernate Core {5.3.7.Final}
十一月 22, 2019 10:49:45 上午 org.hibernate.cfg.Environment <clinit>
INFO: HHH000206: hibernate.properties not found
十一月 22, 2019 10:49:45 上午 org.hibernate.annotations.common.reflection.java.JavaReflectionManager <clinit>
INFO: HCANN000001: Hibernate Commons Annotations {5.0.4.Final}
十一月 22, 2019 10:49:45 上午 org.hibernate.dialect.Dialect <init>
INFO: HHH000400: Using dialect: org.hibernate.dialect.MySQLDialect
十一月 22, 2019 10:49:48 上午 org.hibernate.hql.internal.QueryTranslatorFactoryInitiator initiateService
INFO: HHH000397: Using ASTQueryTranslatorFactory
十一月 22, 2019 10:49:48 上午 org.apache.jasper.compiler.TldLocationsCache tldScanJar
信息: At least one JAR was scanned for TLDs yet contained no TLDs. Enable debug logging for this logger for a complete list of JARs that were scanned but no TLDs were found in them. Skipping unneeded JARs during scanning can improve startup time and JSP compilation time.
十一月 22, 2019 10:49:52 上午 org.apache.catalina.startup.HostConfig deployDirectory
信息: Deploying web application directory C:\Program Files\apache-tomcat-7.0.96\webapps\manager
十一月 22, 2019 10:49:52 上午 org.apache.catalina.startup.HostConfig deployDirectory
信息: Deployment of web application directory C:\Program Files\apache-tomcat-7.0.96\webapps\manager has finished in 83 ms
十一月 22, 2019 11:07:39 上午 org.apache.catalina.core.StandardServer await
信息: A valid shutdown command was received via the shutdown port. Stopping the Server instance.
十一月 22, 2019 11:07:40 上午 org.apache.coyote.AbstractProtocol pause
信息: Pausing ProtocolHandler ["http-apr-8080"]
十一月 22, 2019 11:07:40 上午 org.apache.coyote.AbstractProtocol pause
信息: Pausing ProtocolHandler ["ajp-apr-8009"]
十一月 22, 2019 11:07:40 上午 org.apache.catalina.core.StandardService stopInternal
信息: Stopping service Catalina
十一月 22, 2019 11:07:40 上午 org.apache.catalina.loader.WebappClassLoaderBase clearReferencesJdbc
严重: The web application [/blog] registered the JDBC driver [com.mysql.cj.jdbc.Driver] but failed to unregister it when the web application was stopped. To prevent a memory leak, the JDBC Driver has been forcibly unregistered.
十一月 22, 2019 11:07:40 上午 org.apache.coyote.AbstractProtocol stop
信息: Stopping ProtocolHandler ["http-apr-8080"]
十一月 22, 2019 11:07:40 上午 org.apache.coyote.AbstractProtocol stop
信息: Stopping ProtocolHandler ["ajp-apr-8009"]
十一月 22, 2019 11:07:40 上午 org.apache.coyote.AbstractProtocol destroy
信息: Destroying ProtocolHandler ["http-apr-8080"]
十一月 22, 2019 11:07:40 上午 org.apache.coyote.AbstractProtocol destroy
信息: Destroying ProtocolHandler ["ajp-apr-8009"]
十一月 22, 2019 11:08:02 上午 org.apache.catalina.startup.VersionLoggerListener log
信息: Server version:        Apache Tomcat/7.0.96
十一月 22, 2019 11:08:02 上午 org.apache.catalina.startup.VersionLoggerListener log
信息: Server built:          Jul 24 2019 13:00:10 UTC
十一月 22, 2019 11:08:02 上午 org.apache.catalina.startup.VersionLoggerListener log
信息: Server number:         7.0.96.0
十一月 22, 2019 11:08:02 上午 org.apache.catalina.startup.VersionLoggerListener log
信息: OS Name:               Windows 10
十一月 22, 2019 11:08:02 上午 org.apache.catalina.startup.VersionLoggerListener log
信息: OS Version:            10.0
十一月 22, 2019 11:08:02 上午 org.apache.catalina.startup.VersionLoggerListener log
信息: Architecture:          amd64
十一月 22, 2019 11:08:02 上午 org.apache.catalina.startup.VersionLoggerListener log
信息: Java Home:             C:\Program Files\Java\jdk1.8.0_131\jre
十一月 22, 2019 11:08:02 上午 org.apache.catalina.startup.VersionLoggerListener log
信息: JVM Version:           1.8.0_131-b11
十一月 22, 2019 11:08:02 上午 org.apache.catalina.startup.VersionLoggerListener log
信息: JVM Vendor:            Oracle Corporation
十一月 22, 2019 11:08:02 上午 org.apache.catalina.startup.VersionLoggerListener log
信息: CATALINA_BASE:         C:\Users\SWSH\.IntelliJIdea2018.3\system\tomcat\Unnamed_blog
十一月 22, 2019 11:08:02 上午 org.apache.catalina.startup.VersionLoggerListener log
信息: CATALINA_HOME:         C:\Program Files\apache-tomcat-7.0.96
十一月 22, 2019 11:08:02 上午 org.apache.catalina.startup.VersionLoggerListener log
信息: Command line argument: -Djava.util.logging.config.file=C:\Users\SWSH\.IntelliJIdea2018.3\system\tomcat\Unnamed_blog\conf\logging.properties
十一月 22, 2019 11:08:02 上午 org.apache.catalina.startup.VersionLoggerListener log
信息: Command line argument: -Djava.util.logging.manager=org.apache.juli.ClassLoaderLogManager
十一月 22, 2019 11:08:02 上午 org.apache.catalina.startup.VersionLoggerListener log
信息: Command line argument: -Dcom.sun.management.jmxremote=
十一月 22, 2019 11:08:02 上午 org.apache.catalina.startup.VersionLoggerListener log
信息: Command line argument: -Dcom.sun.management.jmxremote.port=1099
十一月 22, 2019 11:08:02 上午 org.apache.catalina.startup.VersionLoggerListener log
信息: Command line argument: -Dcom.sun.management.jmxremote.ssl=false
十一月 22, 2019 11:08:02 上午 org.apache.catalina.startup.VersionLoggerListener log
信息: Command line argument: -Dcom.sun.management.jmxremote.password.file=C:\Users\SWSH\.IntelliJIdea2018.3\system\tomcat\Unnamed_blog\jmxremote.password
十一月 22, 2019 11:08:02 上午 org.apache.catalina.startup.VersionLoggerListener log
信息: Command line argument: -Dcom.sun.management.jmxremote.access.file=C:\Users\SWSH\.IntelliJIdea2018.3\system\tomcat\Unnamed_blog\jmxremote.access
十一月 22, 2019 11:08:02 上午 org.apache.catalina.startup.VersionLoggerListener log
信息: Command line argument: -Djava.rmi.server.hostname=127.0.0.1
十一月 22, 2019 11:08:02 上午 org.apache.catalina.startup.VersionLoggerListener log
信息: Command line argument: -Djdk.tls.ephemeralDHKeySize=2048
十一月 22, 2019 11:08:02 上午 org.apache.catalina.startup.VersionLoggerListener log
信息: Command line argument: -Dignore.endorsed.dirs=
十一月 22, 2019 11:08:02 上午 org.apache.catalina.startup.VersionLoggerListener log
信息: Command line argument: -Dcatalina.base=C:\Users\SWSH\.IntelliJIdea2018.3\system\tomcat\Unnamed_blog
十一月 22, 2019 11:08:02 上午 org.apache.catalina.startup.VersionLoggerListener log
信息: Command line argument: -Dcatalina.home=C:\Program Files\apache-tomcat-7.0.96
十一月 22, 2019 11:08:02 上午 org.apache.catalina.startup.VersionLoggerListener log
信息: Command line argument: -Djava.io.tmpdir=C:\Program Files\apache-tomcat-7.0.96\temp
十一月 22, 2019 11:08:02 上午 org.apache.catalina.core.AprLifecycleListener lifecycleEvent
信息: Loaded APR based Apache Tomcat Native library 1.2.23 using APR version 1.7.0.
十一月 22, 2019 11:08:02 上午 org.apache.catalina.core.AprLifecycleListener lifecycleEvent
信息: APR capabilities: IPv6 [true], sendfile [true], accept filters [false], random [true].
十一月 22, 2019 11:08:02 上午 org.apache.catalina.core.AprLifecycleListener initializeSSL
信息: OpenSSL successfully initialized (OpenSSL 1.1.1c  28 May 2019)
十一月 22, 2019 11:08:02 上午 org.apache.coyote.AbstractProtocol init
信息: Initializing ProtocolHandler ["http-apr-8080"]
十一月 22, 2019 11:08:02 上午 org.apache.coyote.AbstractProtocol init
信息: Initializing ProtocolHandler ["ajp-apr-8009"]
十一月 22, 2019 11:08:02 上午 org.apache.catalina.startup.Catalina load
信息: Initialization processed in 917 ms
十一月 22, 2019 11:08:02 上午 org.apache.catalina.core.StandardService startInternal
信息: Starting service Catalina
十一月 22, 2019 11:08:02 上午 org.apache.catalina.core.StandardEngine startInternal
信息: Starting Servlet Engine: Apache Tomcat/7.0.96
十一月 22, 2019 11:08:02 上午 org.apache.coyote.AbstractProtocol start
信息: Starting ProtocolHandler ["http-apr-8080"]
十一月 22, 2019 11:08:02 上午 org.apache.coyote.AbstractProtocol start
信息: Starting ProtocolHandler ["ajp-apr-8009"]
十一月 22, 2019 11:08:02 上午 org.apache.catalina.startup.Catalina start
信息: Server startup in 104 ms
十一月 22, 2019 11:08:03 上午 org.apache.catalina.loader.WebappClassLoaderBase validateJarFile
信息: validateJarFile(C:\Users\SWSH\Desktop\新建文件夹 (3)\blog\target\blog\WEB-INF\lib\javax.servlet-api-3.1.0.jar) - jar not loaded. See Servlet Spec 3.0, section 10.7.2. Offending class: javax/servlet/Servlet.class
十一月 22, 2019 11:08:03 上午 org.apache.catalina.deploy.WebXml setVersion
警告: Unknown version string [3.1]. Default version will be used.
十一月 22, 2019 11:08:07 上午 org.apache.catalina.startup.TldConfig execute
信息: At least one JAR was scanned for TLDs yet contained no TLDs. Enable debug logging for this logger for a complete list of JARs that were scanned but no TLDs were found in them. Skipping unneeded JARs during scanning can improve startup time and JSP compilation time.
十一月 22, 2019 11:08:09 上午 org.hibernate.Version logVersion
INFO: HHH000412: Hibernate Core {5.3.7.Final}
十一月 22, 2019 11:08:09 上午 org.hibernate.cfg.Environment <clinit>
INFO: HHH000206: hibernate.properties not found
十一月 22, 2019 11:08:10 上午 org.hibernate.annotations.common.reflection.java.JavaReflectionManager <clinit>
INFO: HCANN000001: Hibernate Commons Annotations {5.0.4.Final}
十一月 22, 2019 11:08:11 上午 org.hibernate.dialect.Dialect <init>
INFO: HHH000400: Using dialect: org.hibernate.dialect.MySQLDialect
十一月 22, 2019 11:08:12 上午 org.apache.catalina.startup.HostConfig deployDirectory
信息: Deploying web application directory C:\Program Files\apache-tomcat-7.0.96\webapps\manager
十一月 22, 2019 11:08:12 上午 org.apache.catalina.startup.HostConfig deployDirectory
信息: Deployment of web application directory C:\Program Files\apache-tomcat-7.0.96\webapps\manager has finished in 198 ms
十一月 22, 2019 11:08:17 上午 org.hibernate.hql.internal.QueryTranslatorFactoryInitiator initiateService
INFO: HHH000397: Using ASTQueryTranslatorFactory
十一月 22, 2019 11:08:17 上午 org.apache.jasper.compiler.TldLocationsCache tldScanJar
信息: At least one JAR was scanned for TLDs yet contained no TLDs. Enable debug logging for this logger for a complete list of JARs that were scanned but no TLDs were found in them. Skipping unneeded JARs during scanning can improve startup time and JSP compilation time.
十一月 22, 2019 11:27:48 上午 org.apache.catalina.core.StandardServer await
信息: A valid shutdown command was received via the shutdown port. Stopping the Server instance.
十一月 22, 2019 11:27:48 上午 org.apache.coyote.AbstractProtocol pause
信息: Pausing ProtocolHandler ["http-apr-8080"]
十一月 22, 2019 11:27:48 上午 org.apache.coyote.AbstractProtocol pause
信息: Pausing ProtocolHandler ["ajp-apr-8009"]
十一月 22, 2019 11:27:48 上午 org.apache.catalina.core.StandardService stopInternal
信息: Stopping service Catalina
十一月 22, 2019 11:27:48 上午 org.apache.catalina.loader.WebappClassLoaderBase clearReferencesJdbc
严重: The web application [/blog] registered the JDBC driver [com.mysql.cj.jdbc.Driver] but failed to unregister it when the web application was stopped. To prevent a memory leak, the JDBC Driver has been forcibly unregistered.
十一月 22, 2019 11:27:48 上午 org.apache.coyote.AbstractProtocol stop
信息: Stopping ProtocolHandler ["http-apr-8080"]
十一月 22, 2019 11:27:48 上午 org.apache.coyote.AbstractProtocol stop
信息: Stopping ProtocolHandler ["ajp-apr-8009"]
十一月 22, 2019 11:27:48 上午 org.apache.coyote.AbstractProtocol destroy
信息: Destroying ProtocolHandler ["http-apr-8080"]
十一月 22, 2019 11:27:48 上午 org.apache.coyote.AbstractProtocol destroy
信息: Destroying ProtocolHandler ["ajp-apr-8009"]
