十月 30, 2019 9:51:00 上午 org.apache.catalina.startup.VersionLoggerListener log
信息: Server version:        Apache Tomcat/7.0.96
十月 30, 2019 9:51:00 上午 org.apache.catalina.startup.VersionLoggerListener log
信息: Server built:          Jul 24 2019 13:00:10 UTC
十月 30, 2019 9:51:00 上午 org.apache.catalina.startup.VersionLoggerListener log
信息: Server number:         7.0.96.0
十月 30, 2019 9:51:00 上午 org.apache.catalina.startup.VersionLoggerListener log
信息: OS Name:               Windows 10
十月 30, 2019 9:51:00 上午 org.apache.catalina.startup.VersionLoggerListener log
信息: OS Version:            10.0
十月 30, 2019 9:51:00 上午 org.apache.catalina.startup.VersionLoggerListener log
信息: Architecture:          amd64
十月 30, 2019 9:51:00 上午 org.apache.catalina.startup.VersionLoggerListener log
信息: Java Home:             C:\Program Files\Java\jdk1.8.0_131\jre
十月 30, 2019 9:51:00 上午 org.apache.catalina.startup.VersionLoggerListener log
信息: JVM Version:           1.8.0_131-b11
十月 30, 2019 9:51:00 上午 org.apache.catalina.startup.VersionLoggerListener log
信息: JVM Vendor:            Oracle Corporation
十月 30, 2019 9:51:00 上午 org.apache.catalina.startup.VersionLoggerListener log
信息: CATALINA_BASE:         C:\Users\SWSH\.IntelliJIdea2018.3\system\tomcat\Unnamed_ssh1
十月 30, 2019 9:51:00 上午 org.apache.catalina.startup.VersionLoggerListener log
信息: CATALINA_HOME:         C:\Program Files\apache-tomcat-7.0.96
十月 30, 2019 9:51:00 上午 org.apache.catalina.startup.VersionLoggerListener log
信息: Command line argument: -Djava.util.logging.config.file=C:\Users\SWSH\.IntelliJIdea2018.3\system\tomcat\Unnamed_ssh1\conf\logging.properties
十月 30, 2019 9:51:00 上午 org.apache.catalina.startup.VersionLoggerListener log
信息: Command line argument: -Djava.util.logging.manager=org.apache.juli.ClassLoaderLogManager
十月 30, 2019 9:51:00 上午 org.apache.catalina.startup.VersionLoggerListener log
信息: Command line argument: -Dcom.sun.management.jmxremote=
十月 30, 2019 9:51:00 上午 org.apache.catalina.startup.VersionLoggerListener log
信息: Command line argument: -Dcom.sun.management.jmxremote.port=1099
十月 30, 2019 9:51:00 上午 org.apache.catalina.startup.VersionLoggerListener log
信息: Command line argument: -Dcom.sun.management.jmxremote.ssl=false
十月 30, 2019 9:51:00 上午 org.apache.catalina.startup.VersionLoggerListener log
信息: Command line argument: -Dcom.sun.management.jmxremote.password.file=C:\Users\SWSH\.IntelliJIdea2018.3\system\tomcat\Unnamed_ssh1\jmxremote.password
十月 30, 2019 9:51:00 上午 org.apache.catalina.startup.VersionLoggerListener log
信息: Command line argument: -Dcom.sun.management.jmxremote.access.file=C:\Users\SWSH\.IntelliJIdea2018.3\system\tomcat\Unnamed_ssh1\jmxremote.access
十月 30, 2019 9:51:00 上午 org.apache.catalina.startup.VersionLoggerListener log
信息: Command line argument: -Djava.rmi.server.hostname=127.0.0.1
十月 30, 2019 9:51:00 上午 org.apache.catalina.startup.VersionLoggerListener log
信息: Command line argument: -Djdk.tls.ephemeralDHKeySize=2048
十月 30, 2019 9:51:00 上午 org.apache.catalina.startup.VersionLoggerListener log
信息: Command line argument: -Dignore.endorsed.dirs=
十月 30, 2019 9:51:00 上午 org.apache.catalina.startup.VersionLoggerListener log
信息: Command line argument: -Dcatalina.base=C:\Users\SWSH\.IntelliJIdea2018.3\system\tomcat\Unnamed_ssh1
十月 30, 2019 9:51:00 上午 org.apache.catalina.startup.VersionLoggerListener log
信息: Command line argument: -Dcatalina.home=C:\Program Files\apache-tomcat-7.0.96
十月 30, 2019 9:51:00 上午 org.apache.catalina.startup.VersionLoggerListener log
信息: Command line argument: -Djava.io.tmpdir=C:\Program Files\apache-tomcat-7.0.96\temp
十月 30, 2019 9:51:00 上午 org.apache.catalina.core.AprLifecycleListener lifecycleEvent
信息: Loaded APR based Apache Tomcat Native library 1.2.23 using APR version 1.7.0.
十月 30, 2019 9:51:00 上午 org.apache.catalina.core.AprLifecycleListener lifecycleEvent
信息: APR capabilities: IPv6 [true], sendfile [true], accept filters [false], random [true].
十月 30, 2019 9:51:00 上午 org.apache.catalina.core.AprLifecycleListener initializeSSL
信息: OpenSSL successfully initialized (OpenSSL 1.1.1c  28 May 2019)
十月 30, 2019 9:51:01 上午 org.apache.coyote.AbstractProtocol init
信息: Initializing ProtocolHandler ["http-apr-8080"]
十月 30, 2019 9:51:01 上午 org.apache.coyote.AbstractProtocol init
信息: Initializing ProtocolHandler ["ajp-apr-8009"]
十月 30, 2019 9:51:01 上午 org.apache.catalina.startup.Catalina load
信息: Initialization processed in 1447 ms
十月 30, 2019 9:51:01 上午 org.apache.catalina.core.StandardService startInternal
信息: Starting service Catalina
十月 30, 2019 9:51:01 上午 org.apache.catalina.core.StandardEngine startInternal
信息: Starting Servlet Engine: Apache Tomcat/7.0.96
十月 30, 2019 9:51:01 上午 org.apache.coyote.AbstractProtocol start
信息: Starting ProtocolHandler ["http-apr-8080"]
十月 30, 2019 9:51:01 上午 org.apache.coyote.AbstractProtocol start
信息: Starting ProtocolHandler ["ajp-apr-8009"]
十月 30, 2019 9:51:01 上午 org.apache.catalina.startup.Catalina start
信息: Server startup in 96 ms
十月 30, 2019 9:51:11 上午 org.apache.catalina.startup.HostConfig deployDirectory
信息: Deploying web application directory C:\Program Files\apache-tomcat-7.0.96\webapps\manager
十月 30, 2019 9:51:11 上午 org.apache.catalina.startup.HostConfig deployDirectory
信息: Deployment of web application directory C:\Program Files\apache-tomcat-7.0.96\webapps\manager has finished in 696 ms
十月 30, 2019 9:52:26 上午 org.apache.catalina.core.StandardServer await
信息: A valid shutdown command was received via the shutdown port. Stopping the Server instance.
十月 30, 2019 9:52:26 上午 org.apache.coyote.AbstractProtocol pause
信息: Pausing ProtocolHandler ["http-apr-8080"]
十月 30, 2019 9:52:26 上午 org.apache.coyote.AbstractProtocol pause
信息: Pausing ProtocolHandler ["ajp-apr-8009"]
十月 30, 2019 9:52:26 上午 org.apache.catalina.core.StandardService stopInternal
信息: Stopping service Catalina
十月 30, 2019 9:52:26 上午 org.apache.coyote.AbstractProtocol stop
信息: Stopping ProtocolHandler ["http-apr-8080"]
十月 30, 2019 9:52:26 上午 org.apache.coyote.AbstractProtocol stop
信息: Stopping ProtocolHandler ["ajp-apr-8009"]
十月 30, 2019 9:52:26 上午 org.apache.coyote.AbstractProtocol destroy
信息: Destroying ProtocolHandler ["http-apr-8080"]
十月 30, 2019 9:52:26 上午 org.apache.coyote.AbstractProtocol destroy
信息: Destroying ProtocolHandler ["ajp-apr-8009"]
十月 30, 2019 9:52:38 上午 org.apache.catalina.startup.VersionLoggerListener log
信息: Server version:        Apache Tomcat/7.0.96
十月 30, 2019 9:52:38 上午 org.apache.catalina.startup.VersionLoggerListener log
信息: Server built:          Jul 24 2019 13:00:10 UTC
十月 30, 2019 9:52:38 上午 org.apache.catalina.startup.VersionLoggerListener log
信息: Server number:         7.0.96.0
十月 30, 2019 9:52:38 上午 org.apache.catalina.startup.VersionLoggerListener log
信息: OS Name:               Windows 10
十月 30, 2019 9:52:38 上午 org.apache.catalina.startup.VersionLoggerListener log
信息: OS Version:            10.0
十月 30, 2019 9:52:38 上午 org.apache.catalina.startup.VersionLoggerListener log
信息: Architecture:          amd64
十月 30, 2019 9:52:38 上午 org.apache.catalina.startup.VersionLoggerListener log
信息: Java Home:             C:\Program Files\Java\jdk1.8.0_131\jre
十月 30, 2019 9:52:38 上午 org.apache.catalina.startup.VersionLoggerListener log
信息: JVM Version:           1.8.0_131-b11
十月 30, 2019 9:52:38 上午 org.apache.catalina.startup.VersionLoggerListener log
信息: JVM Vendor:            Oracle Corporation
十月 30, 2019 9:52:38 上午 org.apache.catalina.startup.VersionLoggerListener log
信息: CATALINA_BASE:         C:\Users\SWSH\.IntelliJIdea2018.3\system\tomcat\Unnamed_ssh1
十月 30, 2019 9:52:38 上午 org.apache.catalina.startup.VersionLoggerListener log
信息: CATALINA_HOME:         C:\Program Files\apache-tomcat-7.0.96
十月 30, 2019 9:52:38 上午 org.apache.catalina.startup.VersionLoggerListener log
信息: Command line argument: -Djava.util.logging.config.file=C:\Users\SWSH\.IntelliJIdea2018.3\system\tomcat\Unnamed_ssh1\conf\logging.properties
十月 30, 2019 9:52:38 上午 org.apache.catalina.startup.VersionLoggerListener log
信息: Command line argument: -Djava.util.logging.manager=org.apache.juli.ClassLoaderLogManager
十月 30, 2019 9:52:38 上午 org.apache.catalina.startup.VersionLoggerListener log
信息: Command line argument: -Dcom.sun.management.jmxremote=
十月 30, 2019 9:52:38 上午 org.apache.catalina.startup.VersionLoggerListener log
信息: Command line argument: -Dcom.sun.management.jmxremote.port=1099
十月 30, 2019 9:52:38 上午 org.apache.catalina.startup.VersionLoggerListener log
信息: Command line argument: -Dcom.sun.management.jmxremote.ssl=false
十月 30, 2019 9:52:38 上午 org.apache.catalina.startup.VersionLoggerListener log
信息: Command line argument: -Dcom.sun.management.jmxremote.password.file=C:\Users\SWSH\.IntelliJIdea2018.3\system\tomcat\Unnamed_ssh1\jmxremote.password
十月 30, 2019 9:52:38 上午 org.apache.catalina.startup.VersionLoggerListener log
信息: Command line argument: -Dcom.sun.management.jmxremote.access.file=C:\Users\SWSH\.IntelliJIdea2018.3\system\tomcat\Unnamed_ssh1\jmxremote.access
十月 30, 2019 9:52:38 上午 org.apache.catalina.startup.VersionLoggerListener log
信息: Command line argument: -Djava.rmi.server.hostname=127.0.0.1
十月 30, 2019 9:52:38 上午 org.apache.catalina.startup.VersionLoggerListener log
信息: Command line argument: -Djdk.tls.ephemeralDHKeySize=2048
十月 30, 2019 9:52:38 上午 org.apache.catalina.startup.VersionLoggerListener log
信息: Command line argument: -Dignore.endorsed.dirs=
十月 30, 2019 9:52:38 上午 org.apache.catalina.startup.VersionLoggerListener log
信息: Command line argument: -Dcatalina.base=C:\Users\SWSH\.IntelliJIdea2018.3\system\tomcat\Unnamed_ssh1
十月 30, 2019 9:52:38 上午 org.apache.catalina.startup.VersionLoggerListener log
信息: Command line argument: -Dcatalina.home=C:\Program Files\apache-tomcat-7.0.96
十月 30, 2019 9:52:38 上午 org.apache.catalina.startup.VersionLoggerListener log
信息: Command line argument: -Djava.io.tmpdir=C:\Program Files\apache-tomcat-7.0.96\temp
十月 30, 2019 9:52:38 上午 org.apache.catalina.core.AprLifecycleListener lifecycleEvent
信息: Loaded APR based Apache Tomcat Native library 1.2.23 using APR version 1.7.0.
十月 30, 2019 9:52:38 上午 org.apache.catalina.core.AprLifecycleListener lifecycleEvent
信息: APR capabilities: IPv6 [true], sendfile [true], accept filters [false], random [true].
十月 30, 2019 9:52:38 上午 org.apache.catalina.core.AprLifecycleListener initializeSSL
信息: OpenSSL successfully initialized (OpenSSL 1.1.1c  28 May 2019)
十月 30, 2019 9:52:38 上午 org.apache.coyote.AbstractProtocol init
信息: Initializing ProtocolHandler ["http-apr-8080"]
十月 30, 2019 9:52:38 上午 org.apache.coyote.AbstractProtocol init
信息: Initializing ProtocolHandler ["ajp-apr-8009"]
十月 30, 2019 9:52:38 上午 org.apache.catalina.startup.Catalina load
信息: Initialization processed in 788 ms
十月 30, 2019 9:52:38 上午 org.apache.catalina.core.StandardService startInternal
信息: Starting service Catalina
十月 30, 2019 9:52:38 上午 org.apache.catalina.core.StandardEngine startInternal
信息: Starting Servlet Engine: Apache Tomcat/7.0.96
十月 30, 2019 9:52:38 上午 org.apache.coyote.AbstractProtocol start
信息: Starting ProtocolHandler ["http-apr-8080"]
十月 30, 2019 9:52:38 上午 org.apache.coyote.AbstractProtocol start
信息: Starting ProtocolHandler ["ajp-apr-8009"]
十月 30, 2019 9:52:38 上午 org.apache.catalina.startup.Catalina start
信息: Server startup in 89 ms
十月 30, 2019 9:52:48 上午 org.apache.catalina.startup.HostConfig deployDirectory
信息: Deploying web application directory C:\Program Files\apache-tomcat-7.0.96\webapps\manager
十月 30, 2019 9:52:49 上午 org.apache.catalina.startup.HostConfig deployDirectory
信息: Deployment of web application directory C:\Program Files\apache-tomcat-7.0.96\webapps\manager has finished in 647 ms
十月 30, 2019 9:52:56 上午 org.apache.catalina.core.StandardServer await
信息: A valid shutdown command was received via the shutdown port. Stopping the Server instance.
十月 30, 2019 9:52:56 上午 org.apache.coyote.AbstractProtocol pause
信息: Pausing ProtocolHandler ["http-apr-8080"]
十月 30, 2019 9:52:56 上午 org.apache.coyote.AbstractProtocol pause
信息: Pausing ProtocolHandler ["ajp-apr-8009"]
十月 30, 2019 9:52:56 上午 org.apache.catalina.core.StandardService stopInternal
信息: Stopping service Catalina
十月 30, 2019 9:52:56 上午 org.apache.coyote.AbstractProtocol stop
信息: Stopping ProtocolHandler ["http-apr-8080"]
十月 30, 2019 9:52:56 上午 org.apache.coyote.AbstractProtocol stop
信息: Stopping ProtocolHandler ["ajp-apr-8009"]
十月 30, 2019 9:52:56 上午 org.apache.coyote.AbstractProtocol destroy
信息: Destroying ProtocolHandler ["http-apr-8080"]
十月 30, 2019 9:52:56 上午 org.apache.coyote.AbstractProtocol destroy
信息: Destroying ProtocolHandler ["ajp-apr-8009"]
十月 30, 2019 9:53:08 上午 org.apache.catalina.startup.VersionLoggerListener log
信息: Server version:        Apache Tomcat/7.0.96
十月 30, 2019 9:53:08 上午 org.apache.catalina.startup.VersionLoggerListener log
信息: Server built:          Jul 24 2019 13:00:10 UTC
十月 30, 2019 9:53:08 上午 org.apache.catalina.startup.VersionLoggerListener log
信息: Server number:         7.0.96.0
十月 30, 2019 9:53:08 上午 org.apache.catalina.startup.VersionLoggerListener log
信息: OS Name:               Windows 10
十月 30, 2019 9:53:08 上午 org.apache.catalina.startup.VersionLoggerListener log
信息: OS Version:            10.0
十月 30, 2019 9:53:08 上午 org.apache.catalina.startup.VersionLoggerListener log
信息: Architecture:          amd64
十月 30, 2019 9:53:08 上午 org.apache.catalina.startup.VersionLoggerListener log
信息: Java Home:             C:\Program Files\Java\jdk1.8.0_131\jre
十月 30, 2019 9:53:08 上午 org.apache.catalina.startup.VersionLoggerListener log
信息: JVM Version:           1.8.0_131-b11
十月 30, 2019 9:53:08 上午 org.apache.catalina.startup.VersionLoggerListener log
信息: JVM Vendor:            Oracle Corporation
十月 30, 2019 9:53:08 上午 org.apache.catalina.startup.VersionLoggerListener log
信息: CATALINA_BASE:         C:\Users\SWSH\.IntelliJIdea2018.3\system\tomcat\Unnamed_ssh1
十月 30, 2019 9:53:08 上午 org.apache.catalina.startup.VersionLoggerListener log
信息: CATALINA_HOME:         C:\Program Files\apache-tomcat-7.0.96
十月 30, 2019 9:53:08 上午 org.apache.catalina.startup.VersionLoggerListener log
信息: Command line argument: -Djava.util.logging.config.file=C:\Users\SWSH\.IntelliJIdea2018.3\system\tomcat\Unnamed_ssh1\conf\logging.properties
十月 30, 2019 9:53:08 上午 org.apache.catalina.startup.VersionLoggerListener log
信息: Command line argument: -Djava.util.logging.manager=org.apache.juli.ClassLoaderLogManager
十月 30, 2019 9:53:08 上午 org.apache.catalina.startup.VersionLoggerListener log
信息: Command line argument: -Dcom.sun.management.jmxremote=
十月 30, 2019 9:53:08 上午 org.apache.catalina.startup.VersionLoggerListener log
信息: Command line argument: -Dcom.sun.management.jmxremote.port=1099
十月 30, 2019 9:53:08 上午 org.apache.catalina.startup.VersionLoggerListener log
信息: Command line argument: -Dcom.sun.management.jmxremote.ssl=false
十月 30, 2019 9:53:08 上午 org.apache.catalina.startup.VersionLoggerListener log
信息: Command line argument: -Dcom.sun.management.jmxremote.password.file=C:\Users\SWSH\.IntelliJIdea2018.3\system\tomcat\Unnamed_ssh1\jmxremote.password
十月 30, 2019 9:53:08 上午 org.apache.catalina.startup.VersionLoggerListener log
信息: Command line argument: -Dcom.sun.management.jmxremote.access.file=C:\Users\SWSH\.IntelliJIdea2018.3\system\tomcat\Unnamed_ssh1\jmxremote.access
十月 30, 2019 9:53:08 上午 org.apache.catalina.startup.VersionLoggerListener log
信息: Command line argument: -Djava.rmi.server.hostname=127.0.0.1
十月 30, 2019 9:53:08 上午 org.apache.catalina.startup.VersionLoggerListener log
信息: Command line argument: -Djdk.tls.ephemeralDHKeySize=2048
十月 30, 2019 9:53:08 上午 org.apache.catalina.startup.VersionLoggerListener log
信息: Command line argument: -Dignore.endorsed.dirs=
十月 30, 2019 9:53:08 上午 org.apache.catalina.startup.VersionLoggerListener log
信息: Command line argument: -Dcatalina.base=C:\Users\SWSH\.IntelliJIdea2018.3\system\tomcat\Unnamed_ssh1
十月 30, 2019 9:53:08 上午 org.apache.catalina.startup.VersionLoggerListener log
信息: Command line argument: -Dcatalina.home=C:\Program Files\apache-tomcat-7.0.96
十月 30, 2019 9:53:08 上午 org.apache.catalina.startup.VersionLoggerListener log
信息: Command line argument: -Djava.io.tmpdir=C:\Program Files\apache-tomcat-7.0.96\temp
十月 30, 2019 9:53:08 上午 org.apache.catalina.core.AprLifecycleListener lifecycleEvent
信息: Loaded APR based Apache Tomcat Native library 1.2.23 using APR version 1.7.0.
十月 30, 2019 9:53:08 上午 org.apache.catalina.core.AprLifecycleListener lifecycleEvent
信息: APR capabilities: IPv6 [true], sendfile [true], accept filters [false], random [true].
十月 30, 2019 9:53:08 上午 org.apache.catalina.core.AprLifecycleListener initializeSSL
信息: OpenSSL successfully initialized (OpenSSL 1.1.1c  28 May 2019)
十月 30, 2019 9:53:08 上午 org.apache.coyote.AbstractProtocol init
信息: Initializing ProtocolHandler ["http-apr-8080"]
十月 30, 2019 9:53:08 上午 org.apache.coyote.AbstractProtocol init
信息: Initializing ProtocolHandler ["ajp-apr-8009"]
十月 30, 2019 9:53:08 上午 org.apache.catalina.startup.Catalina load
信息: Initialization processed in 754 ms
十月 30, 2019 9:53:08 上午 org.apache.catalina.core.StandardService startInternal
信息: Starting service Catalina
十月 30, 2019 9:53:08 上午 org.apache.catalina.core.StandardEngine startInternal
信息: Starting Servlet Engine: Apache Tomcat/7.0.96
十月 30, 2019 9:53:08 上午 org.apache.coyote.AbstractProtocol start
信息: Starting ProtocolHandler ["http-apr-8080"]
十月 30, 2019 9:53:08 上午 org.apache.coyote.AbstractProtocol start
信息: Starting ProtocolHandler ["ajp-apr-8009"]
十月 30, 2019 9:53:08 上午 org.apache.catalina.startup.Catalina start
信息: Server startup in 85 ms
十月 30, 2019 9:53:18 上午 org.apache.catalina.core.StandardServer await
信息: A valid shutdown command was received via the shutdown port. Stopping the Server instance.
十月 30, 2019 9:53:18 上午 org.apache.coyote.AbstractProtocol pause
信息: Pausing ProtocolHandler ["http-apr-8080"]
十月 30, 2019 9:53:18 上午 org.apache.coyote.AbstractProtocol pause
信息: Pausing ProtocolHandler ["ajp-apr-8009"]
十月 30, 2019 9:53:18 上午 org.apache.catalina.core.StandardService stopInternal
信息: Stopping service Catalina
十月 30, 2019 9:53:18 上午 org.apache.coyote.AbstractProtocol stop
信息: Stopping ProtocolHandler ["http-apr-8080"]
十月 30, 2019 9:53:18 上午 org.apache.coyote.AbstractProtocol stop
信息: Stopping ProtocolHandler ["ajp-apr-8009"]
十月 30, 2019 9:53:18 上午 org.apache.coyote.AbstractProtocol destroy
信息: Destroying ProtocolHandler ["http-apr-8080"]
十月 30, 2019 9:53:18 上午 org.apache.coyote.AbstractProtocol destroy
信息: Destroying ProtocolHandler ["ajp-apr-8009"]
十月 30, 2019 9:53:30 上午 org.apache.catalina.startup.VersionLoggerListener log
信息: Server version:        Apache Tomcat/7.0.96
十月 30, 2019 9:53:30 上午 org.apache.catalina.startup.VersionLoggerListener log
信息: Server built:          Jul 24 2019 13:00:10 UTC
十月 30, 2019 9:53:30 上午 org.apache.catalina.startup.VersionLoggerListener log
信息: Server number:         7.0.96.0
十月 30, 2019 9:53:30 上午 org.apache.catalina.startup.VersionLoggerListener log
信息: OS Name:               Windows 10
十月 30, 2019 9:53:30 上午 org.apache.catalina.startup.VersionLoggerListener log
信息: OS Version:            10.0
十月 30, 2019 9:53:30 上午 org.apache.catalina.startup.VersionLoggerListener log
信息: Architecture:          amd64
十月 30, 2019 9:53:30 上午 org.apache.catalina.startup.VersionLoggerListener log
信息: Java Home:             C:\Program Files\Java\jdk1.8.0_131\jre
十月 30, 2019 9:53:30 上午 org.apache.catalina.startup.VersionLoggerListener log
信息: JVM Version:           1.8.0_131-b11
十月 30, 2019 9:53:30 上午 org.apache.catalina.startup.VersionLoggerListener log
信息: JVM Vendor:            Oracle Corporation
十月 30, 2019 9:53:30 上午 org.apache.catalina.startup.VersionLoggerListener log
信息: CATALINA_BASE:         C:\Users\SWSH\.IntelliJIdea2018.3\system\tomcat\Unnamed_ssh1
十月 30, 2019 9:53:30 上午 org.apache.catalina.startup.VersionLoggerListener log
信息: CATALINA_HOME:         C:\Program Files\apache-tomcat-7.0.96
十月 30, 2019 9:53:30 上午 org.apache.catalina.startup.VersionLoggerListener log
信息: Command line argument: -Djava.util.logging.config.file=C:\Users\SWSH\.IntelliJIdea2018.3\system\tomcat\Unnamed_ssh1\conf\logging.properties
十月 30, 2019 9:53:30 上午 org.apache.catalina.startup.VersionLoggerListener log
信息: Command line argument: -Djava.util.logging.manager=org.apache.juli.ClassLoaderLogManager
十月 30, 2019 9:53:30 上午 org.apache.catalina.startup.VersionLoggerListener log
信息: Command line argument: -Dcom.sun.management.jmxremote=
十月 30, 2019 9:53:30 上午 org.apache.catalina.startup.VersionLoggerListener log
信息: Command line argument: -Dcom.sun.management.jmxremote.port=1099
十月 30, 2019 9:53:30 上午 org.apache.catalina.startup.VersionLoggerListener log
信息: Command line argument: -Dcom.sun.management.jmxremote.ssl=false
十月 30, 2019 9:53:30 上午 org.apache.catalina.startup.VersionLoggerListener log
信息: Command line argument: -Dcom.sun.management.jmxremote.password.file=C:\Users\SWSH\.IntelliJIdea2018.3\system\tomcat\Unnamed_ssh1\jmxremote.password
十月 30, 2019 9:53:30 上午 org.apache.catalina.startup.VersionLoggerListener log
信息: Command line argument: -Dcom.sun.management.jmxremote.access.file=C:\Users\SWSH\.IntelliJIdea2018.3\system\tomcat\Unnamed_ssh1\jmxremote.access
十月 30, 2019 9:53:30 上午 org.apache.catalina.startup.VersionLoggerListener log
信息: Command line argument: -Djava.rmi.server.hostname=127.0.0.1
十月 30, 2019 9:53:30 上午 org.apache.catalina.startup.VersionLoggerListener log
信息: Command line argument: -Djdk.tls.ephemeralDHKeySize=2048
十月 30, 2019 9:53:30 上午 org.apache.catalina.startup.VersionLoggerListener log
信息: Command line argument: -Dignore.endorsed.dirs=
十月 30, 2019 9:53:30 上午 org.apache.catalina.startup.VersionLoggerListener log
信息: Command line argument: -Dcatalina.base=C:\Users\SWSH\.IntelliJIdea2018.3\system\tomcat\Unnamed_ssh1
十月 30, 2019 9:53:30 上午 org.apache.catalina.startup.VersionLoggerListener log
信息: Command line argument: -Dcatalina.home=C:\Program Files\apache-tomcat-7.0.96
十月 30, 2019 9:53:30 上午 org.apache.catalina.startup.VersionLoggerListener log
信息: Command line argument: -Djava.io.tmpdir=C:\Program Files\apache-tomcat-7.0.96\temp
十月 30, 2019 9:53:30 上午 org.apache.catalina.core.AprLifecycleListener lifecycleEvent
信息: Loaded APR based Apache Tomcat Native library 1.2.23 using APR version 1.7.0.
十月 30, 2019 9:53:30 上午 org.apache.catalina.core.AprLifecycleListener lifecycleEvent
信息: APR capabilities: IPv6 [true], sendfile [true], accept filters [false], random [true].
十月 30, 2019 9:53:30 上午 org.apache.catalina.core.AprLifecycleListener initializeSSL
信息: OpenSSL successfully initialized (OpenSSL 1.1.1c  28 May 2019)
十月 30, 2019 9:53:30 上午 org.apache.coyote.AbstractProtocol init
信息: Initializing ProtocolHandler ["http-apr-8080"]
十月 30, 2019 9:53:30 上午 org.apache.coyote.AbstractProtocol init
信息: Initializing ProtocolHandler ["ajp-apr-8009"]
十月 30, 2019 9:53:30 上午 org.apache.catalina.startup.Catalina load
信息: Initialization processed in 729 ms
十月 30, 2019 9:53:30 上午 org.apache.catalina.core.StandardService startInternal
信息: Starting service Catalina
十月 30, 2019 9:53:30 上午 org.apache.catalina.core.StandardEngine startInternal
信息: Starting Servlet Engine: Apache Tomcat/7.0.96
十月 30, 2019 9:53:30 上午 org.apache.coyote.AbstractProtocol start
信息: Starting ProtocolHandler ["http-apr-8080"]
十月 30, 2019 9:53:30 上午 org.apache.coyote.AbstractProtocol start
信息: Starting ProtocolHandler ["ajp-apr-8009"]
十月 30, 2019 9:53:30 上午 org.apache.catalina.startup.Catalina start
信息: Server startup in 110 ms
十月 30, 2019 9:53:40 上午 org.apache.catalina.startup.HostConfig deployDirectory
信息: Deploying web application directory C:\Program Files\apache-tomcat-7.0.96\webapps\manager
十月 30, 2019 9:53:41 上午 org.apache.catalina.startup.HostConfig deployDirectory
信息: Deployment of web application directory C:\Program Files\apache-tomcat-7.0.96\webapps\manager has finished in 511 ms
十月 30, 2019 9:54:03 上午 org.apache.catalina.core.StandardServer await
信息: A valid shutdown command was received via the shutdown port. Stopping the Server instance.
十月 30, 2019 9:54:03 上午 org.apache.coyote.AbstractProtocol pause
信息: Pausing ProtocolHandler ["http-apr-8080"]
十月 30, 2019 9:54:03 上午 org.apache.coyote.AbstractProtocol pause
信息: Pausing ProtocolHandler ["ajp-apr-8009"]
十月 30, 2019 9:54:03 上午 org.apache.catalina.core.StandardService stopInternal
信息: Stopping service Catalina
十月 30, 2019 9:54:03 上午 org.apache.coyote.AbstractProtocol stop
信息: Stopping ProtocolHandler ["http-apr-8080"]
十月 30, 2019 9:54:03 上午 org.apache.coyote.AbstractProtocol stop
信息: Stopping ProtocolHandler ["ajp-apr-8009"]
十月 30, 2019 9:54:03 上午 org.apache.coyote.AbstractProtocol destroy
信息: Destroying ProtocolHandler ["http-apr-8080"]
十月 30, 2019 9:54:03 上午 org.apache.coyote.AbstractProtocol destroy
信息: Destroying ProtocolHandler ["ajp-apr-8009"]
十月 30, 2019 9:54:14 上午 org.apache.catalina.startup.VersionLoggerListener log
信息: Server version:        Apache Tomcat/7.0.96
十月 30, 2019 9:54:14 上午 org.apache.catalina.startup.VersionLoggerListener log
信息: Server built:          Jul 24 2019 13:00:10 UTC
十月 30, 2019 9:54:14 上午 org.apache.catalina.startup.VersionLoggerListener log
信息: Server number:         7.0.96.0
十月 30, 2019 9:54:14 上午 org.apache.catalina.startup.VersionLoggerListener log
信息: OS Name:               Windows 10
十月 30, 2019 9:54:14 上午 org.apache.catalina.startup.VersionLoggerListener log
信息: OS Version:            10.0
十月 30, 2019 9:54:14 上午 org.apache.catalina.startup.VersionLoggerListener log
信息: Architecture:          amd64
十月 30, 2019 9:54:14 上午 org.apache.catalina.startup.VersionLoggerListener log
信息: Java Home:             C:\Program Files\Java\jdk1.8.0_131\jre
十月 30, 2019 9:54:14 上午 org.apache.catalina.startup.VersionLoggerListener log
信息: JVM Version:           1.8.0_131-b11
十月 30, 2019 9:54:14 上午 org.apache.catalina.startup.VersionLoggerListener log
信息: JVM Vendor:            Oracle Corporation
十月 30, 2019 9:54:14 上午 org.apache.catalina.startup.VersionLoggerListener log
信息: CATALINA_BASE:         C:\Users\SWSH\.IntelliJIdea2018.3\system\tomcat\Unnamed_ssh1
十月 30, 2019 9:54:14 上午 org.apache.catalina.startup.VersionLoggerListener log
信息: CATALINA_HOME:         C:\Program Files\apache-tomcat-7.0.96
十月 30, 2019 9:54:14 上午 org.apache.catalina.startup.VersionLoggerListener log
信息: Command line argument: -Djava.util.logging.config.file=C:\Users\SWSH\.IntelliJIdea2018.3\system\tomcat\Unnamed_ssh1\conf\logging.properties
十月 30, 2019 9:54:14 上午 org.apache.catalina.startup.VersionLoggerListener log
信息: Command line argument: -Djava.util.logging.manager=org.apache.juli.ClassLoaderLogManager
十月 30, 2019 9:54:14 上午 org.apache.catalina.startup.VersionLoggerListener log
信息: Command line argument: -Dcom.sun.management.jmxremote=
十月 30, 2019 9:54:14 上午 org.apache.catalina.startup.VersionLoggerListener log
信息: Command line argument: -Dcom.sun.management.jmxremote.port=1099
十月 30, 2019 9:54:14 上午 org.apache.catalina.startup.VersionLoggerListener log
信息: Command line argument: -Dcom.sun.management.jmxremote.ssl=false
十月 30, 2019 9:54:14 上午 org.apache.catalina.startup.VersionLoggerListener log
信息: Command line argument: -Dcom.sun.management.jmxremote.password.file=C:\Users\SWSH\.IntelliJIdea2018.3\system\tomcat\Unnamed_ssh1\jmxremote.password
十月 30, 2019 9:54:14 上午 org.apache.catalina.startup.VersionLoggerListener log
信息: Command line argument: -Dcom.sun.management.jmxremote.access.file=C:\Users\SWSH\.IntelliJIdea2018.3\system\tomcat\Unnamed_ssh1\jmxremote.access
十月 30, 2019 9:54:14 上午 org.apache.catalina.startup.VersionLoggerListener log
信息: Command line argument: -Djava.rmi.server.hostname=127.0.0.1
十月 30, 2019 9:54:14 上午 org.apache.catalina.startup.VersionLoggerListener log
信息: Command line argument: -Djdk.tls.ephemeralDHKeySize=2048
十月 30, 2019 9:54:14 上午 org.apache.catalina.startup.VersionLoggerListener log
信息: Command line argument: -Dignore.endorsed.dirs=
十月 30, 2019 9:54:14 上午 org.apache.catalina.startup.VersionLoggerListener log
信息: Command line argument: -Dcatalina.base=C:\Users\SWSH\.IntelliJIdea2018.3\system\tomcat\Unnamed_ssh1
十月 30, 2019 9:54:14 上午 org.apache.catalina.startup.VersionLoggerListener log
信息: Command line argument: -Dcatalina.home=C:\Program Files\apache-tomcat-7.0.96
十月 30, 2019 9:54:14 上午 org.apache.catalina.startup.VersionLoggerListener log
信息: Command line argument: -Djava.io.tmpdir=C:\Program Files\apache-tomcat-7.0.96\temp
十月 30, 2019 9:54:14 上午 org.apache.catalina.core.AprLifecycleListener lifecycleEvent
信息: Loaded APR based Apache Tomcat Native library 1.2.23 using APR version 1.7.0.
十月 30, 2019 9:54:14 上午 org.apache.catalina.core.AprLifecycleListener lifecycleEvent
信息: APR capabilities: IPv6 [true], sendfile [true], accept filters [false], random [true].
十月 30, 2019 9:54:15 上午 org.apache.catalina.core.AprLifecycleListener initializeSSL
信息: OpenSSL successfully initialized (OpenSSL 1.1.1c  28 May 2019)
十月 30, 2019 9:54:15 上午 org.apache.coyote.AbstractProtocol init
信息: Initializing ProtocolHandler ["http-apr-8080"]
十月 30, 2019 9:54:15 上午 org.apache.coyote.AbstractProtocol init
信息: Initializing ProtocolHandler ["ajp-apr-8009"]
十月 30, 2019 9:54:15 上午 org.apache.catalina.startup.Catalina load
信息: Initialization processed in 745 ms
十月 30, 2019 9:54:15 上午 org.apache.catalina.core.StandardService startInternal
信息: Starting service Catalina
十月 30, 2019 9:54:15 上午 org.apache.catalina.core.StandardEngine startInternal
信息: Starting Servlet Engine: Apache Tomcat/7.0.96
十月 30, 2019 9:54:15 上午 org.apache.coyote.AbstractProtocol start
信息: Starting ProtocolHandler ["http-apr-8080"]
十月 30, 2019 9:54:15 上午 org.apache.coyote.AbstractProtocol start
信息: Starting ProtocolHandler ["ajp-apr-8009"]
十月 30, 2019 9:54:15 上午 org.apache.catalina.startup.Catalina start
信息: Server startup in 95 ms
十月 30, 2019 9:54:25 上午 org.apache.catalina.startup.HostConfig deployDirectory
信息: Deploying web application directory C:\Program Files\apache-tomcat-7.0.96\webapps\manager
十月 30, 2019 9:54:25 上午 org.apache.catalina.startup.HostConfig deployDirectory
信息: Deployment of web application directory C:\Program Files\apache-tomcat-7.0.96\webapps\manager has finished in 486 ms
十月 30, 2019 9:54:34 上午 org.apache.catalina.core.StandardServer await
信息: A valid shutdown command was received via the shutdown port. Stopping the Server instance.
十月 30, 2019 9:54:34 上午 org.apache.coyote.AbstractProtocol pause
信息: Pausing ProtocolHandler ["http-apr-8080"]
十月 30, 2019 9:54:34 上午 org.apache.coyote.AbstractProtocol pause
信息: Pausing ProtocolHandler ["ajp-apr-8009"]
十月 30, 2019 9:54:34 上午 org.apache.catalina.core.StandardService stopInternal
信息: Stopping service Catalina
十月 30, 2019 9:54:35 上午 org.apache.coyote.AbstractProtocol stop
信息: Stopping ProtocolHandler ["http-apr-8080"]
十月 30, 2019 9:54:35 上午 org.apache.coyote.AbstractProtocol stop
信息: Stopping ProtocolHandler ["ajp-apr-8009"]
十月 30, 2019 9:54:35 上午 org.apache.coyote.AbstractProtocol destroy
信息: Destroying ProtocolHandler ["http-apr-8080"]
十月 30, 2019 9:54:35 上午 org.apache.coyote.AbstractProtocol destroy
信息: Destroying ProtocolHandler ["ajp-apr-8009"]
十月 30, 2019 9:54:46 上午 org.apache.catalina.startup.VersionLoggerListener log
信息: Server version:        Apache Tomcat/7.0.96
十月 30, 2019 9:54:46 上午 org.apache.catalina.startup.VersionLoggerListener log
信息: Server built:          Jul 24 2019 13:00:10 UTC
十月 30, 2019 9:54:46 上午 org.apache.catalina.startup.VersionLoggerListener log
信息: Server number:         7.0.96.0
十月 30, 2019 9:54:46 上午 org.apache.catalina.startup.VersionLoggerListener log
信息: OS Name:               Windows 10
十月 30, 2019 9:54:46 上午 org.apache.catalina.startup.VersionLoggerListener log
信息: OS Version:            10.0
十月 30, 2019 9:54:46 上午 org.apache.catalina.startup.VersionLoggerListener log
信息: Architecture:          amd64
十月 30, 2019 9:54:46 上午 org.apache.catalina.startup.VersionLoggerListener log
信息: Java Home:             C:\Program Files\Java\jdk1.8.0_131\jre
十月 30, 2019 9:54:46 上午 org.apache.catalina.startup.VersionLoggerListener log
信息: JVM Version:           1.8.0_131-b11
十月 30, 2019 9:54:46 上午 org.apache.catalina.startup.VersionLoggerListener log
信息: JVM Vendor:            Oracle Corporation
十月 30, 2019 9:54:46 上午 org.apache.catalina.startup.VersionLoggerListener log
信息: CATALINA_BASE:         C:\Users\SWSH\.IntelliJIdea2018.3\system\tomcat\Unnamed_ssh1
十月 30, 2019 9:54:46 上午 org.apache.catalina.startup.VersionLoggerListener log
信息: CATALINA_HOME:         C:\Program Files\apache-tomcat-7.0.96
十月 30, 2019 9:54:46 上午 org.apache.catalina.startup.VersionLoggerListener log
信息: Command line argument: -Djava.util.logging.config.file=C:\Users\SWSH\.IntelliJIdea2018.3\system\tomcat\Unnamed_ssh1\conf\logging.properties
十月 30, 2019 9:54:46 上午 org.apache.catalina.startup.VersionLoggerListener log
信息: Command line argument: -Djava.util.logging.manager=org.apache.juli.ClassLoaderLogManager
十月 30, 2019 9:54:46 上午 org.apache.catalina.startup.VersionLoggerListener log
信息: Command line argument: -Dcom.sun.management.jmxremote=
十月 30, 2019 9:54:46 上午 org.apache.catalina.startup.VersionLoggerListener log
信息: Command line argument: -Dcom.sun.management.jmxremote.port=1099
十月 30, 2019 9:54:46 上午 org.apache.catalina.startup.VersionLoggerListener log
信息: Command line argument: -Dcom.sun.management.jmxremote.ssl=false
十月 30, 2019 9:54:46 上午 org.apache.catalina.startup.VersionLoggerListener log
信息: Command line argument: -Dcom.sun.management.jmxremote.password.file=C:\Users\SWSH\.IntelliJIdea2018.3\system\tomcat\Unnamed_ssh1\jmxremote.password
十月 30, 2019 9:54:46 上午 org.apache.catalina.startup.VersionLoggerListener log
信息: Command line argument: -Dcom.sun.management.jmxremote.access.file=C:\Users\SWSH\.IntelliJIdea2018.3\system\tomcat\Unnamed_ssh1\jmxremote.access
十月 30, 2019 9:54:46 上午 org.apache.catalina.startup.VersionLoggerListener log
信息: Command line argument: -Djava.rmi.server.hostname=127.0.0.1
十月 30, 2019 9:54:46 上午 org.apache.catalina.startup.VersionLoggerListener log
信息: Command line argument: -Djdk.tls.ephemeralDHKeySize=2048
十月 30, 2019 9:54:46 上午 org.apache.catalina.startup.VersionLoggerListener log
信息: Command line argument: -Dignore.endorsed.dirs=
十月 30, 2019 9:54:46 上午 org.apache.catalina.startup.VersionLoggerListener log
信息: Command line argument: -Dcatalina.base=C:\Users\SWSH\.IntelliJIdea2018.3\system\tomcat\Unnamed_ssh1
十月 30, 2019 9:54:46 上午 org.apache.catalina.startup.VersionLoggerListener log
信息: Command line argument: -Dcatalina.home=C:\Program Files\apache-tomcat-7.0.96
十月 30, 2019 9:54:46 上午 org.apache.catalina.startup.VersionLoggerListener log
信息: Command line argument: -Djava.io.tmpdir=C:\Program Files\apache-tomcat-7.0.96\temp
十月 30, 2019 9:54:46 上午 org.apache.catalina.core.AprLifecycleListener lifecycleEvent
信息: Loaded APR based Apache Tomcat Native library 1.2.23 using APR version 1.7.0.
十月 30, 2019 9:54:46 上午 org.apache.catalina.core.AprLifecycleListener lifecycleEvent
信息: APR capabilities: IPv6 [true], sendfile [true], accept filters [false], random [true].
十月 30, 2019 9:54:46 上午 org.apache.catalina.core.AprLifecycleListener initializeSSL
信息: OpenSSL successfully initialized (OpenSSL 1.1.1c  28 May 2019)
十月 30, 2019 9:54:46 上午 org.apache.coyote.AbstractProtocol init
信息: Initializing ProtocolHandler ["http-apr-8080"]
十月 30, 2019 9:54:46 上午 org.apache.coyote.AbstractProtocol init
信息: Initializing ProtocolHandler ["ajp-apr-8009"]
十月 30, 2019 9:54:46 上午 org.apache.catalina.startup.Catalina load
信息: Initialization processed in 714 ms
十月 30, 2019 9:54:46 上午 org.apache.catalina.core.StandardService startInternal
信息: Starting service Catalina
十月 30, 2019 9:54:46 上午 org.apache.catalina.core.StandardEngine startInternal
信息: Starting Servlet Engine: Apache Tomcat/7.0.96
十月 30, 2019 9:54:46 上午 org.apache.coyote.AbstractProtocol start
信息: Starting ProtocolHandler ["http-apr-8080"]
十月 30, 2019 9:54:46 上午 org.apache.coyote.AbstractProtocol start
信息: Starting ProtocolHandler ["ajp-apr-8009"]
十月 30, 2019 9:54:46 上午 org.apache.catalina.startup.Catalina start
信息: Server startup in 104 ms
十月 30, 2019 9:54:56 上午 org.apache.catalina.startup.HostConfig deployDirectory
信息: Deploying web application directory C:\Program Files\apache-tomcat-7.0.96\webapps\manager
十月 30, 2019 9:54:57 上午 org.apache.catalina.startup.HostConfig deployDirectory
信息: Deployment of web application directory C:\Program Files\apache-tomcat-7.0.96\webapps\manager has finished in 527 ms
十月 30, 2019 9:55:37 上午 org.apache.catalina.core.StandardServer await
信息: A valid shutdown command was received via the shutdown port. Stopping the Server instance.
十月 30, 2019 9:55:37 上午 org.apache.coyote.AbstractProtocol pause
信息: Pausing ProtocolHandler ["http-apr-8080"]
十月 30, 2019 9:55:37 上午 org.apache.coyote.AbstractProtocol pause
信息: Pausing ProtocolHandler ["ajp-apr-8009"]
十月 30, 2019 9:55:37 上午 org.apache.catalina.core.StandardService stopInternal
信息: Stopping service Catalina
十月 30, 2019 9:55:37 上午 org.apache.coyote.AbstractProtocol stop
信息: Stopping ProtocolHandler ["http-apr-8080"]
十月 30, 2019 9:55:37 上午 org.apache.coyote.AbstractProtocol stop
信息: Stopping ProtocolHandler ["ajp-apr-8009"]
十月 30, 2019 9:55:37 上午 org.apache.coyote.AbstractProtocol destroy
信息: Destroying ProtocolHandler ["http-apr-8080"]
十月 30, 2019 9:55:37 上午 org.apache.coyote.AbstractProtocol destroy
信息: Destroying ProtocolHandler ["ajp-apr-8009"]
十月 30, 2019 9:55:49 上午 org.apache.catalina.startup.VersionLoggerListener log
信息: Server version:        Apache Tomcat/7.0.96
十月 30, 2019 9:55:49 上午 org.apache.catalina.startup.VersionLoggerListener log
信息: Server built:          Jul 24 2019 13:00:10 UTC
十月 30, 2019 9:55:49 上午 org.apache.catalina.startup.VersionLoggerListener log
信息: Server number:         7.0.96.0
十月 30, 2019 9:55:49 上午 org.apache.catalina.startup.VersionLoggerListener log
信息: OS Name:               Windows 10
十月 30, 2019 9:55:49 上午 org.apache.catalina.startup.VersionLoggerListener log
信息: OS Version:            10.0
十月 30, 2019 9:55:49 上午 org.apache.catalina.startup.VersionLoggerListener log
信息: Architecture:          amd64
十月 30, 2019 9:55:49 上午 org.apache.catalina.startup.VersionLoggerListener log
信息: Java Home:             C:\Program Files\Java\jdk1.8.0_131\jre
十月 30, 2019 9:55:49 上午 org.apache.catalina.startup.VersionLoggerListener log
信息: JVM Version:           1.8.0_131-b11
十月 30, 2019 9:55:49 上午 org.apache.catalina.startup.VersionLoggerListener log
信息: JVM Vendor:            Oracle Corporation
十月 30, 2019 9:55:49 上午 org.apache.catalina.startup.VersionLoggerListener log
信息: CATALINA_BASE:         C:\Users\SWSH\.IntelliJIdea2018.3\system\tomcat\Unnamed_ssh1
十月 30, 2019 9:55:49 上午 org.apache.catalina.startup.VersionLoggerListener log
信息: CATALINA_HOME:         C:\Program Files\apache-tomcat-7.0.96
十月 30, 2019 9:55:49 上午 org.apache.catalina.startup.VersionLoggerListener log
信息: Command line argument: -Djava.util.logging.config.file=C:\Users\SWSH\.IntelliJIdea2018.3\system\tomcat\Unnamed_ssh1\conf\logging.properties
十月 30, 2019 9:55:49 上午 org.apache.catalina.startup.VersionLoggerListener log
信息: Command line argument: -Djava.util.logging.manager=org.apache.juli.ClassLoaderLogManager
十月 30, 2019 9:55:49 上午 org.apache.catalina.startup.VersionLoggerListener log
信息: Command line argument: -Dcom.sun.management.jmxremote=
十月 30, 2019 9:55:49 上午 org.apache.catalina.startup.VersionLoggerListener log
信息: Command line argument: -Dcom.sun.management.jmxremote.port=1099
十月 30, 2019 9:55:49 上午 org.apache.catalina.startup.VersionLoggerListener log
信息: Command line argument: -Dcom.sun.management.jmxremote.ssl=false
十月 30, 2019 9:55:49 上午 org.apache.catalina.startup.VersionLoggerListener log
信息: Command line argument: -Dcom.sun.management.jmxremote.password.file=C:\Users\SWSH\.IntelliJIdea2018.3\system\tomcat\Unnamed_ssh1\jmxremote.password
十月 30, 2019 9:55:49 上午 org.apache.catalina.startup.VersionLoggerListener log
信息: Command line argument: -Dcom.sun.management.jmxremote.access.file=C:\Users\SWSH\.IntelliJIdea2018.3\system\tomcat\Unnamed_ssh1\jmxremote.access
十月 30, 2019 9:55:49 上午 org.apache.catalina.startup.VersionLoggerListener log
信息: Command line argument: -Djava.rmi.server.hostname=127.0.0.1
十月 30, 2019 9:55:49 上午 org.apache.catalina.startup.VersionLoggerListener log
信息: Command line argument: -Djdk.tls.ephemeralDHKeySize=2048
十月 30, 2019 9:55:49 上午 org.apache.catalina.startup.VersionLoggerListener log
信息: Command line argument: -Dignore.endorsed.dirs=
十月 30, 2019 9:55:49 上午 org.apache.catalina.startup.VersionLoggerListener log
信息: Command line argument: -Dcatalina.base=C:\Users\SWSH\.IntelliJIdea2018.3\system\tomcat\Unnamed_ssh1
十月 30, 2019 9:55:49 上午 org.apache.catalina.startup.VersionLoggerListener log
信息: Command line argument: -Dcatalina.home=C:\Program Files\apache-tomcat-7.0.96
十月 30, 2019 9:55:49 上午 org.apache.catalina.startup.VersionLoggerListener log
信息: Command line argument: -Djava.io.tmpdir=C:\Program Files\apache-tomcat-7.0.96\temp
十月 30, 2019 9:55:49 上午 org.apache.catalina.core.AprLifecycleListener lifecycleEvent
信息: Loaded APR based Apache Tomcat Native library 1.2.23 using APR version 1.7.0.
十月 30, 2019 9:55:49 上午 org.apache.catalina.core.AprLifecycleListener lifecycleEvent
信息: APR capabilities: IPv6 [true], sendfile [true], accept filters [false], random [true].
十月 30, 2019 9:55:49 上午 org.apache.catalina.core.AprLifecycleListener initializeSSL
信息: OpenSSL successfully initialized (OpenSSL 1.1.1c  28 May 2019)
十月 30, 2019 9:55:49 上午 org.apache.coyote.AbstractProtocol init
信息: Initializing ProtocolHandler ["http-apr-8080"]
十月 30, 2019 9:55:49 上午 org.apache.coyote.AbstractProtocol init
信息: Initializing ProtocolHandler ["ajp-apr-8009"]
十月 30, 2019 9:55:49 上午 org.apache.catalina.startup.Catalina load
信息: Initialization processed in 892 ms
十月 30, 2019 9:55:49 上午 org.apache.catalina.core.StandardService startInternal
信息: Starting service Catalina
十月 30, 2019 9:55:49 上午 org.apache.catalina.core.StandardEngine startInternal
信息: Starting Servlet Engine: Apache Tomcat/7.0.96
十月 30, 2019 9:55:49 上午 org.apache.coyote.AbstractProtocol start
信息: Starting ProtocolHandler ["http-apr-8080"]
十月 30, 2019 9:55:49 上午 org.apache.coyote.AbstractProtocol start
信息: Starting ProtocolHandler ["ajp-apr-8009"]
十月 30, 2019 9:55:49 上午 org.apache.catalina.startup.Catalina start
信息: Server startup in 93 ms
十月 30, 2019 9:55:59 上午 org.apache.catalina.startup.HostConfig deployDirectory
信息: Deploying web application directory C:\Program Files\apache-tomcat-7.0.96\webapps\manager
十月 30, 2019 9:56:00 上午 org.apache.catalina.startup.HostConfig deployDirectory
信息: Deployment of web application directory C:\Program Files\apache-tomcat-7.0.96\webapps\manager has finished in 541 ms
十月 30, 2019 9:56:07 上午 org.apache.catalina.core.StandardServer await
信息: A valid shutdown command was received via the shutdown port. Stopping the Server instance.
十月 30, 2019 9:56:07 上午 org.apache.coyote.AbstractProtocol pause
信息: Pausing ProtocolHandler ["http-apr-8080"]
十月 30, 2019 9:56:07 上午 org.apache.coyote.AbstractProtocol pause
信息: Pausing ProtocolHandler ["ajp-apr-8009"]
十月 30, 2019 9:56:07 上午 org.apache.catalina.core.StandardService stopInternal
信息: Stopping service Catalina
十月 30, 2019 9:56:07 上午 org.apache.coyote.AbstractProtocol stop
信息: Stopping ProtocolHandler ["http-apr-8080"]
十月 30, 2019 9:56:07 上午 org.apache.coyote.AbstractProtocol stop
信息: Stopping ProtocolHandler ["ajp-apr-8009"]
十月 30, 2019 9:56:07 上午 org.apache.coyote.AbstractProtocol destroy
信息: Destroying ProtocolHandler ["http-apr-8080"]
十月 30, 2019 9:56:07 上午 org.apache.coyote.AbstractProtocol destroy
信息: Destroying ProtocolHandler ["ajp-apr-8009"]
十月 30, 2019 9:56:18 上午 org.apache.catalina.startup.VersionLoggerListener log
信息: Server version:        Apache Tomcat/7.0.96
十月 30, 2019 9:56:18 上午 org.apache.catalina.startup.VersionLoggerListener log
信息: Server built:          Jul 24 2019 13:00:10 UTC
十月 30, 2019 9:56:18 上午 org.apache.catalina.startup.VersionLoggerListener log
信息: Server number:         7.0.96.0
十月 30, 2019 9:56:18 上午 org.apache.catalina.startup.VersionLoggerListener log
信息: OS Name:               Windows 10
十月 30, 2019 9:56:18 上午 org.apache.catalina.startup.VersionLoggerListener log
信息: OS Version:            10.0
十月 30, 2019 9:56:18 上午 org.apache.catalina.startup.VersionLoggerListener log
信息: Architecture:          amd64
十月 30, 2019 9:56:18 上午 org.apache.catalina.startup.VersionLoggerListener log
信息: Java Home:             C:\Program Files\Java\jdk1.8.0_131\jre
十月 30, 2019 9:56:18 上午 org.apache.catalina.startup.VersionLoggerListener log
信息: JVM Version:           1.8.0_131-b11
十月 30, 2019 9:56:18 上午 org.apache.catalina.startup.VersionLoggerListener log
信息: JVM Vendor:            Oracle Corporation
十月 30, 2019 9:56:18 上午 org.apache.catalina.startup.VersionLoggerListener log
信息: CATALINA_BASE:         C:\Users\SWSH\.IntelliJIdea2018.3\system\tomcat\Unnamed_ssh1
十月 30, 2019 9:56:18 上午 org.apache.catalina.startup.VersionLoggerListener log
信息: CATALINA_HOME:         C:\Program Files\apache-tomcat-7.0.96
十月 30, 2019 9:56:18 上午 org.apache.catalina.startup.VersionLoggerListener log
信息: Command line argument: -Djava.util.logging.config.file=C:\Users\SWSH\.IntelliJIdea2018.3\system\tomcat\Unnamed_ssh1\conf\logging.properties
十月 30, 2019 9:56:18 上午 org.apache.catalina.startup.VersionLoggerListener log
信息: Command line argument: -Djava.util.logging.manager=org.apache.juli.ClassLoaderLogManager
十月 30, 2019 9:56:18 上午 org.apache.catalina.startup.VersionLoggerListener log
信息: Command line argument: -Dcom.sun.management.jmxremote=
十月 30, 2019 9:56:18 上午 org.apache.catalina.startup.VersionLoggerListener log
信息: Command line argument: -Dcom.sun.management.jmxremote.port=1099
十月 30, 2019 9:56:18 上午 org.apache.catalina.startup.VersionLoggerListener log
信息: Command line argument: -Dcom.sun.management.jmxremote.ssl=false
十月 30, 2019 9:56:18 上午 org.apache.catalina.startup.VersionLoggerListener log
信息: Command line argument: -Dcom.sun.management.jmxremote.password.file=C:\Users\SWSH\.IntelliJIdea2018.3\system\tomcat\Unnamed_ssh1\jmxremote.password
十月 30, 2019 9:56:18 上午 org.apache.catalina.startup.VersionLoggerListener log
信息: Command line argument: -Dcom.sun.management.jmxremote.access.file=C:\Users\SWSH\.IntelliJIdea2018.3\system\tomcat\Unnamed_ssh1\jmxremote.access
十月 30, 2019 9:56:18 上午 org.apache.catalina.startup.VersionLoggerListener log
信息: Command line argument: -Djava.rmi.server.hostname=127.0.0.1
十月 30, 2019 9:56:18 上午 org.apache.catalina.startup.VersionLoggerListener log
信息: Command line argument: -Djdk.tls.ephemeralDHKeySize=2048
十月 30, 2019 9:56:18 上午 org.apache.catalina.startup.VersionLoggerListener log
信息: Command line argument: -Dignore.endorsed.dirs=
十月 30, 2019 9:56:18 上午 org.apache.catalina.startup.VersionLoggerListener log
信息: Command line argument: -Dcatalina.base=C:\Users\SWSH\.IntelliJIdea2018.3\system\tomcat\Unnamed_ssh1
十月 30, 2019 9:56:18 上午 org.apache.catalina.startup.VersionLoggerListener log
信息: Command line argument: -Dcatalina.home=C:\Program Files\apache-tomcat-7.0.96
十月 30, 2019 9:56:18 上午 org.apache.catalina.startup.VersionLoggerListener log
信息: Command line argument: -Djava.io.tmpdir=C:\Program Files\apache-tomcat-7.0.96\temp
十月 30, 2019 9:56:18 上午 org.apache.catalina.core.AprLifecycleListener lifecycleEvent
信息: Loaded APR based Apache Tomcat Native library 1.2.23 using APR version 1.7.0.
十月 30, 2019 9:56:18 上午 org.apache.catalina.core.AprLifecycleListener lifecycleEvent
信息: APR capabilities: IPv6 [true], sendfile [true], accept filters [false], random [true].
十月 30, 2019 9:56:18 上午 org.apache.catalina.core.AprLifecycleListener initializeSSL
信息: OpenSSL successfully initialized (OpenSSL 1.1.1c  28 May 2019)
十月 30, 2019 9:56:19 上午 org.apache.coyote.AbstractProtocol init
信息: Initializing ProtocolHandler ["http-apr-8080"]
十月 30, 2019 9:56:19 上午 org.apache.coyote.AbstractProtocol init
信息: Initializing ProtocolHandler ["ajp-apr-8009"]
十月 30, 2019 9:56:19 上午 org.apache.catalina.startup.Catalina load
信息: Initialization processed in 845 ms
十月 30, 2019 9:56:19 上午 org.apache.catalina.core.StandardService startInternal
信息: Starting service Catalina
十月 30, 2019 9:56:19 上午 org.apache.catalina.core.StandardEngine startInternal
信息: Starting Servlet Engine: Apache Tomcat/7.0.96
十月 30, 2019 9:56:19 上午 org.apache.coyote.AbstractProtocol start
信息: Starting ProtocolHandler ["http-apr-8080"]
十月 30, 2019 9:56:19 上午 org.apache.coyote.AbstractProtocol start
信息: Starting ProtocolHandler ["ajp-apr-8009"]
十月 30, 2019 9:56:19 上午 org.apache.catalina.startup.Catalina start
信息: Server startup in 94 ms
十月 30, 2019 9:56:29 上午 org.apache.catalina.startup.HostConfig deployDirectory
信息: Deploying web application directory C:\Program Files\apache-tomcat-7.0.96\webapps\manager
十月 30, 2019 9:56:29 上午 org.apache.catalina.startup.HostConfig deployDirectory
信息: Deployment of web application directory C:\Program Files\apache-tomcat-7.0.96\webapps\manager has finished in 524 ms
十月 30, 2019 9:56:53 上午 org.apache.catalina.core.StandardServer await
信息: A valid shutdown command was received via the shutdown port. Stopping the Server instance.
十月 30, 2019 9:56:53 上午 org.apache.coyote.AbstractProtocol pause
信息: Pausing ProtocolHandler ["http-apr-8080"]
十月 30, 2019 9:56:53 上午 org.apache.coyote.AbstractProtocol pause
信息: Pausing ProtocolHandler ["ajp-apr-8009"]
十月 30, 2019 9:56:53 上午 org.apache.catalina.core.StandardService stopInternal
信息: Stopping service Catalina
十月 30, 2019 9:56:53 上午 org.apache.coyote.AbstractProtocol stop
信息: Stopping ProtocolHandler ["http-apr-8080"]
十月 30, 2019 9:56:53 上午 org.apache.coyote.AbstractProtocol stop
信息: Stopping ProtocolHandler ["ajp-apr-8009"]
十月 30, 2019 9:56:53 上午 org.apache.coyote.AbstractProtocol destroy
信息: Destroying ProtocolHandler ["http-apr-8080"]
十月 30, 2019 9:56:53 上午 org.apache.coyote.AbstractProtocol destroy
信息: Destroying ProtocolHandler ["ajp-apr-8009"]
十月 30, 2019 9:57:04 上午 org.apache.catalina.startup.VersionLoggerListener log
信息: Server version:        Apache Tomcat/7.0.96
十月 30, 2019 9:57:04 上午 org.apache.catalina.startup.VersionLoggerListener log
信息: Server built:          Jul 24 2019 13:00:10 UTC
十月 30, 2019 9:57:04 上午 org.apache.catalina.startup.VersionLoggerListener log
信息: Server number:         7.0.96.0
十月 30, 2019 9:57:04 上午 org.apache.catalina.startup.VersionLoggerListener log
信息: OS Name:               Windows 10
十月 30, 2019 9:57:04 上午 org.apache.catalina.startup.VersionLoggerListener log
信息: OS Version:            10.0
十月 30, 2019 9:57:04 上午 org.apache.catalina.startup.VersionLoggerListener log
信息: Architecture:          amd64
十月 30, 2019 9:57:04 上午 org.apache.catalina.startup.VersionLoggerListener log
信息: Java Home:             C:\Program Files\Java\jdk1.8.0_131\jre
十月 30, 2019 9:57:04 上午 org.apache.catalina.startup.VersionLoggerListener log
信息: JVM Version:           1.8.0_131-b11
十月 30, 2019 9:57:04 上午 org.apache.catalina.startup.VersionLoggerListener log
信息: JVM Vendor:            Oracle Corporation
十月 30, 2019 9:57:04 上午 org.apache.catalina.startup.VersionLoggerListener log
信息: CATALINA_BASE:         C:\Users\SWSH\.IntelliJIdea2018.3\system\tomcat\Unnamed_ssh1
十月 30, 2019 9:57:04 上午 org.apache.catalina.startup.VersionLoggerListener log
信息: CATALINA_HOME:         C:\Program Files\apache-tomcat-7.0.96
十月 30, 2019 9:57:04 上午 org.apache.catalina.startup.VersionLoggerListener log
信息: Command line argument: -Djava.util.logging.config.file=C:\Users\SWSH\.IntelliJIdea2018.3\system\tomcat\Unnamed_ssh1\conf\logging.properties
十月 30, 2019 9:57:04 上午 org.apache.catalina.startup.VersionLoggerListener log
信息: Command line argument: -Djava.util.logging.manager=org.apache.juli.ClassLoaderLogManager
十月 30, 2019 9:57:04 上午 org.apache.catalina.startup.VersionLoggerListener log
信息: Command line argument: -Dcom.sun.management.jmxremote=
十月 30, 2019 9:57:04 上午 org.apache.catalina.startup.VersionLoggerListener log
信息: Command line argument: -Dcom.sun.management.jmxremote.port=1099
十月 30, 2019 9:57:04 上午 org.apache.catalina.startup.VersionLoggerListener log
信息: Command line argument: -Dcom.sun.management.jmxremote.ssl=false
十月 30, 2019 9:57:04 上午 org.apache.catalina.startup.VersionLoggerListener log
信息: Command line argument: -Dcom.sun.management.jmxremote.password.file=C:\Users\SWSH\.IntelliJIdea2018.3\system\tomcat\Unnamed_ssh1\jmxremote.password
十月 30, 2019 9:57:04 上午 org.apache.catalina.startup.VersionLoggerListener log
信息: Command line argument: -Dcom.sun.management.jmxremote.access.file=C:\Users\SWSH\.IntelliJIdea2018.3\system\tomcat\Unnamed_ssh1\jmxremote.access
十月 30, 2019 9:57:04 上午 org.apache.catalina.startup.VersionLoggerListener log
信息: Command line argument: -Djava.rmi.server.hostname=127.0.0.1
十月 30, 2019 9:57:04 上午 org.apache.catalina.startup.VersionLoggerListener log
信息: Command line argument: -Djdk.tls.ephemeralDHKeySize=2048
十月 30, 2019 9:57:04 上午 org.apache.catalina.startup.VersionLoggerListener log
信息: Command line argument: -Dignore.endorsed.dirs=
十月 30, 2019 9:57:04 上午 org.apache.catalina.startup.VersionLoggerListener log
信息: Command line argument: -Dcatalina.base=C:\Users\SWSH\.IntelliJIdea2018.3\system\tomcat\Unnamed_ssh1
十月 30, 2019 9:57:04 上午 org.apache.catalina.startup.VersionLoggerListener log
信息: Command line argument: -Dcatalina.home=C:\Program Files\apache-tomcat-7.0.96
十月 30, 2019 9:57:04 上午 org.apache.catalina.startup.VersionLoggerListener log
信息: Command line argument: -Djava.io.tmpdir=C:\Program Files\apache-tomcat-7.0.96\temp
十月 30, 2019 9:57:04 上午 org.apache.catalina.core.AprLifecycleListener lifecycleEvent
信息: Loaded APR based Apache Tomcat Native library 1.2.23 using APR version 1.7.0.
十月 30, 2019 9:57:04 上午 org.apache.catalina.core.AprLifecycleListener lifecycleEvent
信息: APR capabilities: IPv6 [true], sendfile [true], accept filters [false], random [true].
十月 30, 2019 9:57:04 上午 org.apache.catalina.core.AprLifecycleListener initializeSSL
信息: OpenSSL successfully initialized (OpenSSL 1.1.1c  28 May 2019)
十月 30, 2019 9:57:05 上午 org.apache.coyote.AbstractProtocol init
信息: Initializing ProtocolHandler ["http-apr-8080"]
十月 30, 2019 9:57:05 上午 org.apache.coyote.AbstractProtocol init
信息: Initializing ProtocolHandler ["ajp-apr-8009"]
十月 30, 2019 9:57:05 上午 org.apache.catalina.startup.Catalina load
信息: Initialization processed in 766 ms
十月 30, 2019 9:57:05 上午 org.apache.catalina.core.StandardService startInternal
信息: Starting service Catalina
十月 30, 2019 9:57:05 上午 org.apache.catalina.core.StandardEngine startInternal
信息: Starting Servlet Engine: Apache Tomcat/7.0.96
十月 30, 2019 9:57:05 上午 org.apache.coyote.AbstractProtocol start
信息: Starting ProtocolHandler ["http-apr-8080"]
十月 30, 2019 9:57:05 上午 org.apache.coyote.AbstractProtocol start
信息: Starting ProtocolHandler ["ajp-apr-8009"]
十月 30, 2019 9:57:05 上午 org.apache.catalina.startup.Catalina start
信息: Server startup in 93 ms
十月 30, 2019 9:57:15 上午 org.apache.catalina.startup.HostConfig deployDirectory
信息: Deploying web application directory C:\Program Files\apache-tomcat-7.0.96\webapps\manager
十月 30, 2019 9:57:15 上午 org.apache.catalina.startup.HostConfig deployDirectory
信息: Deployment of web application directory C:\Program Files\apache-tomcat-7.0.96\webapps\manager has finished in 139 ms
十月 30, 2019 9:57:33 上午 org.apache.catalina.core.StandardServer await
信息: A valid shutdown command was received via the shutdown port. Stopping the Server instance.
十月 30, 2019 9:57:33 上午 org.apache.coyote.AbstractProtocol pause
信息: Pausing ProtocolHandler ["http-apr-8080"]
十月 30, 2019 9:57:33 上午 org.apache.coyote.AbstractProtocol pause
信息: Pausing ProtocolHandler ["ajp-apr-8009"]
十月 30, 2019 9:57:33 上午 org.apache.catalina.core.StandardService stopInternal
信息: Stopping service Catalina
十月 30, 2019 9:57:33 上午 org.apache.coyote.AbstractProtocol stop
信息: Stopping ProtocolHandler ["http-apr-8080"]
十月 30, 2019 9:57:33 上午 org.apache.coyote.AbstractProtocol stop
信息: Stopping ProtocolHandler ["ajp-apr-8009"]
十月 30, 2019 9:57:33 上午 org.apache.coyote.AbstractProtocol destroy
信息: Destroying ProtocolHandler ["http-apr-8080"]
十月 30, 2019 9:57:33 上午 org.apache.coyote.AbstractProtocol destroy
信息: Destroying ProtocolHandler ["ajp-apr-8009"]
十月 30, 2019 9:57:44 上午 org.apache.catalina.startup.VersionLoggerListener log
信息: Server version:        Apache Tomcat/7.0.96
十月 30, 2019 9:57:44 上午 org.apache.catalina.startup.VersionLoggerListener log
信息: Server built:          Jul 24 2019 13:00:10 UTC
十月 30, 2019 9:57:44 上午 org.apache.catalina.startup.VersionLoggerListener log
信息: Server number:         7.0.96.0
十月 30, 2019 9:57:44 上午 org.apache.catalina.startup.VersionLoggerListener log
信息: OS Name:               Windows 10
十月 30, 2019 9:57:44 上午 org.apache.catalina.startup.VersionLoggerListener log
信息: OS Version:            10.0
十月 30, 2019 9:57:44 上午 org.apache.catalina.startup.VersionLoggerListener log
信息: Architecture:          amd64
十月 30, 2019 9:57:44 上午 org.apache.catalina.startup.VersionLoggerListener log
信息: Java Home:             C:\Program Files\Java\jdk1.8.0_131\jre
十月 30, 2019 9:57:44 上午 org.apache.catalina.startup.VersionLoggerListener log
信息: JVM Version:           1.8.0_131-b11
十月 30, 2019 9:57:44 上午 org.apache.catalina.startup.VersionLoggerListener log
信息: JVM Vendor:            Oracle Corporation
十月 30, 2019 9:57:44 上午 org.apache.catalina.startup.VersionLoggerListener log
信息: CATALINA_BASE:         C:\Users\SWSH\.IntelliJIdea2018.3\system\tomcat\Unnamed_ssh1
十月 30, 2019 9:57:44 上午 org.apache.catalina.startup.VersionLoggerListener log
信息: CATALINA_HOME:         C:\Program Files\apache-tomcat-7.0.96
十月 30, 2019 9:57:44 上午 org.apache.catalina.startup.VersionLoggerListener log
信息: Command line argument: -Djava.util.logging.config.file=C:\Users\SWSH\.IntelliJIdea2018.3\system\tomcat\Unnamed_ssh1\conf\logging.properties
十月 30, 2019 9:57:44 上午 org.apache.catalina.startup.VersionLoggerListener log
信息: Command line argument: -Djava.util.logging.manager=org.apache.juli.ClassLoaderLogManager
十月 30, 2019 9:57:44 上午 org.apache.catalina.startup.VersionLoggerListener log
信息: Command line argument: -Dcom.sun.management.jmxremote=
十月 30, 2019 9:57:44 上午 org.apache.catalina.startup.VersionLoggerListener log
信息: Command line argument: -Dcom.sun.management.jmxremote.port=1099
十月 30, 2019 9:57:44 上午 org.apache.catalina.startup.VersionLoggerListener log
信息: Command line argument: -Dcom.sun.management.jmxremote.ssl=false
十月 30, 2019 9:57:44 上午 org.apache.catalina.startup.VersionLoggerListener log
信息: Command line argument: -Dcom.sun.management.jmxremote.password.file=C:\Users\SWSH\.IntelliJIdea2018.3\system\tomcat\Unnamed_ssh1\jmxremote.password
十月 30, 2019 9:57:44 上午 org.apache.catalina.startup.VersionLoggerListener log
信息: Command line argument: -Dcom.sun.management.jmxremote.access.file=C:\Users\SWSH\.IntelliJIdea2018.3\system\tomcat\Unnamed_ssh1\jmxremote.access
十月 30, 2019 9:57:44 上午 org.apache.catalina.startup.VersionLoggerListener log
信息: Command line argument: -Djava.rmi.server.hostname=127.0.0.1
十月 30, 2019 9:57:44 上午 org.apache.catalina.startup.VersionLoggerListener log
信息: Command line argument: -Djdk.tls.ephemeralDHKeySize=2048
十月 30, 2019 9:57:44 上午 org.apache.catalina.startup.VersionLoggerListener log
信息: Command line argument: -Dignore.endorsed.dirs=
十月 30, 2019 9:57:44 上午 org.apache.catalina.startup.VersionLoggerListener log
信息: Command line argument: -Dcatalina.base=C:\Users\SWSH\.IntelliJIdea2018.3\system\tomcat\Unnamed_ssh1
十月 30, 2019 9:57:44 上午 org.apache.catalina.startup.VersionLoggerListener log
信息: Command line argument: -Dcatalina.home=C:\Program Files\apache-tomcat-7.0.96
十月 30, 2019 9:57:44 上午 org.apache.catalina.startup.VersionLoggerListener log
信息: Command line argument: -Djava.io.tmpdir=C:\Program Files\apache-tomcat-7.0.96\temp
十月 30, 2019 9:57:44 上午 org.apache.catalina.core.AprLifecycleListener lifecycleEvent
信息: Loaded APR based Apache Tomcat Native library 1.2.23 using APR version 1.7.0.
十月 30, 2019 9:57:44 上午 org.apache.catalina.core.AprLifecycleListener lifecycleEvent
信息: APR capabilities: IPv6 [true], sendfile [true], accept filters [false], random [true].
十月 30, 2019 9:57:44 上午 org.apache.catalina.core.AprLifecycleListener initializeSSL
信息: OpenSSL successfully initialized (OpenSSL 1.1.1c  28 May 2019)
十月 30, 2019 9:57:45 上午 org.apache.coyote.AbstractProtocol init
信息: Initializing ProtocolHandler ["http-apr-8080"]
十月 30, 2019 9:57:45 上午 org.apache.coyote.AbstractProtocol init
信息: Initializing ProtocolHandler ["ajp-apr-8009"]
十月 30, 2019 9:57:45 上午 org.apache.catalina.startup.Catalina load
信息: Initialization processed in 764 ms
十月 30, 2019 9:57:45 上午 org.apache.catalina.core.StandardService startInternal
信息: Starting service Catalina
十月 30, 2019 9:57:45 上午 org.apache.catalina.core.StandardEngine startInternal
信息: Starting Servlet Engine: Apache Tomcat/7.0.96
十月 30, 2019 9:57:45 上午 org.apache.coyote.AbstractProtocol start
信息: Starting ProtocolHandler ["http-apr-8080"]
十月 30, 2019 9:57:45 上午 org.apache.coyote.AbstractProtocol start
信息: Starting ProtocolHandler ["ajp-apr-8009"]
十月 30, 2019 9:57:45 上午 org.apache.catalina.startup.Catalina start
信息: Server startup in 85 ms
十月 30, 2019 9:57:55 上午 org.apache.catalina.startup.HostConfig deployDirectory
信息: Deploying web application directory C:\Program Files\apache-tomcat-7.0.96\webapps\manager
十月 30, 2019 9:57:55 上午 org.apache.catalina.startup.HostConfig deployDirectory
信息: Deployment of web application directory C:\Program Files\apache-tomcat-7.0.96\webapps\manager has finished in 166 ms
十月 30, 2019 9:58:51 上午 org.apache.catalina.core.StandardServer await
信息: A valid shutdown command was received via the shutdown port. Stopping the Server instance.
十月 30, 2019 9:58:51 上午 org.apache.coyote.AbstractProtocol pause
信息: Pausing ProtocolHandler ["http-apr-8080"]
十月 30, 2019 9:58:51 上午 org.apache.coyote.AbstractProtocol pause
信息: Pausing ProtocolHandler ["ajp-apr-8009"]
十月 30, 2019 9:58:51 上午 org.apache.catalina.core.StandardService stopInternal
信息: Stopping service Catalina
十月 30, 2019 9:58:51 上午 org.apache.coyote.AbstractProtocol stop
信息: Stopping ProtocolHandler ["http-apr-8080"]
十月 30, 2019 9:58:51 上午 org.apache.coyote.AbstractProtocol stop
信息: Stopping ProtocolHandler ["ajp-apr-8009"]
十月 30, 2019 9:58:51 上午 org.apache.coyote.AbstractProtocol destroy
信息: Destroying ProtocolHandler ["http-apr-8080"]
十月 30, 2019 9:58:51 上午 org.apache.coyote.AbstractProtocol destroy
信息: Destroying ProtocolHandler ["ajp-apr-8009"]
十月 30, 2019 9:59:02 上午 org.apache.catalina.startup.VersionLoggerListener log
信息: Server version:        Apache Tomcat/7.0.96
十月 30, 2019 9:59:02 上午 org.apache.catalina.startup.VersionLoggerListener log
信息: Server built:          Jul 24 2019 13:00:10 UTC
十月 30, 2019 9:59:02 上午 org.apache.catalina.startup.VersionLoggerListener log
信息: Server number:         7.0.96.0
十月 30, 2019 9:59:02 上午 org.apache.catalina.startup.VersionLoggerListener log
信息: OS Name:               Windows 10
十月 30, 2019 9:59:02 上午 org.apache.catalina.startup.VersionLoggerListener log
信息: OS Version:            10.0
十月 30, 2019 9:59:02 上午 org.apache.catalina.startup.VersionLoggerListener log
信息: Architecture:          amd64
十月 30, 2019 9:59:02 上午 org.apache.catalina.startup.VersionLoggerListener log
信息: Java Home:             C:\Program Files\Java\jdk1.8.0_131\jre
十月 30, 2019 9:59:02 上午 org.apache.catalina.startup.VersionLoggerListener log
信息: JVM Version:           1.8.0_131-b11
十月 30, 2019 9:59:02 上午 org.apache.catalina.startup.VersionLoggerListener log
信息: JVM Vendor:            Oracle Corporation
十月 30, 2019 9:59:02 上午 org.apache.catalina.startup.VersionLoggerListener log
信息: CATALINA_BASE:         C:\Users\SWSH\.IntelliJIdea2018.3\system\tomcat\Unnamed_ssh1
十月 30, 2019 9:59:02 上午 org.apache.catalina.startup.VersionLoggerListener log
信息: CATALINA_HOME:         C:\Program Files\apache-tomcat-7.0.96
十月 30, 2019 9:59:02 上午 org.apache.catalina.startup.VersionLoggerListener log
信息: Command line argument: -Djava.util.logging.config.file=C:\Users\SWSH\.IntelliJIdea2018.3\system\tomcat\Unnamed_ssh1\conf\logging.properties
十月 30, 2019 9:59:02 上午 org.apache.catalina.startup.VersionLoggerListener log
信息: Command line argument: -Djava.util.logging.manager=org.apache.juli.ClassLoaderLogManager
十月 30, 2019 9:59:02 上午 org.apache.catalina.startup.VersionLoggerListener log
信息: Command line argument: -Dcom.sun.management.jmxremote=
十月 30, 2019 9:59:02 上午 org.apache.catalina.startup.VersionLoggerListener log
信息: Command line argument: -Dcom.sun.management.jmxremote.port=1099
十月 30, 2019 9:59:02 上午 org.apache.catalina.startup.VersionLoggerListener log
信息: Command line argument: -Dcom.sun.management.jmxremote.ssl=false
十月 30, 2019 9:59:02 上午 org.apache.catalina.startup.VersionLoggerListener log
信息: Command line argument: -Dcom.sun.management.jmxremote.password.file=C:\Users\SWSH\.IntelliJIdea2018.3\system\tomcat\Unnamed_ssh1\jmxremote.password
十月 30, 2019 9:59:02 上午 org.apache.catalina.startup.VersionLoggerListener log
信息: Command line argument: -Dcom.sun.management.jmxremote.access.file=C:\Users\SWSH\.IntelliJIdea2018.3\system\tomcat\Unnamed_ssh1\jmxremote.access
十月 30, 2019 9:59:02 上午 org.apache.catalina.startup.VersionLoggerListener log
信息: Command line argument: -Djava.rmi.server.hostname=127.0.0.1
十月 30, 2019 9:59:02 上午 org.apache.catalina.startup.VersionLoggerListener log
信息: Command line argument: -Djdk.tls.ephemeralDHKeySize=2048
十月 30, 2019 9:59:02 上午 org.apache.catalina.startup.VersionLoggerListener log
信息: Command line argument: -Dignore.endorsed.dirs=
十月 30, 2019 9:59:02 上午 org.apache.catalina.startup.VersionLoggerListener log
信息: Command line argument: -Dcatalina.base=C:\Users\SWSH\.IntelliJIdea2018.3\system\tomcat\Unnamed_ssh1
十月 30, 2019 9:59:02 上午 org.apache.catalina.startup.VersionLoggerListener log
信息: Command line argument: -Dcatalina.home=C:\Program Files\apache-tomcat-7.0.96
十月 30, 2019 9:59:02 上午 org.apache.catalina.startup.VersionLoggerListener log
信息: Command line argument: -Djava.io.tmpdir=C:\Program Files\apache-tomcat-7.0.96\temp
十月 30, 2019 9:59:02 上午 org.apache.catalina.core.AprLifecycleListener lifecycleEvent
信息: Loaded APR based Apache Tomcat Native library 1.2.23 using APR version 1.7.0.
十月 30, 2019 9:59:02 上午 org.apache.catalina.core.AprLifecycleListener lifecycleEvent
信息: APR capabilities: IPv6 [true], sendfile [true], accept filters [false], random [true].
十月 30, 2019 9:59:02 上午 org.apache.catalina.core.AprLifecycleListener initializeSSL
信息: OpenSSL successfully initialized (OpenSSL 1.1.1c  28 May 2019)
十月 30, 2019 9:59:02 上午 org.apache.coyote.AbstractProtocol init
信息: Initializing ProtocolHandler ["http-apr-8080"]
十月 30, 2019 9:59:02 上午 org.apache.coyote.AbstractProtocol init
信息: Initializing ProtocolHandler ["ajp-apr-8009"]
十月 30, 2019 9:59:02 上午 org.apache.catalina.startup.Catalina load
信息: Initialization processed in 764 ms
十月 30, 2019 9:59:02 上午 org.apache.catalina.core.StandardService startInternal
信息: Starting service Catalina
十月 30, 2019 9:59:02 上午 org.apache.catalina.core.StandardEngine startInternal
信息: Starting Servlet Engine: Apache Tomcat/7.0.96
十月 30, 2019 9:59:02 上午 org.apache.coyote.AbstractProtocol start
信息: Starting ProtocolHandler ["http-apr-8080"]
十月 30, 2019 9:59:02 上午 org.apache.coyote.AbstractProtocol start
信息: Starting ProtocolHandler ["ajp-apr-8009"]
十月 30, 2019 9:59:02 上午 org.apache.catalina.startup.Catalina start
信息: Server startup in 96 ms
十月 30, 2019 9:59:12 上午 org.apache.catalina.startup.HostConfig deployDirectory
信息: Deploying web application directory C:\Program Files\apache-tomcat-7.0.96\webapps\manager
十月 30, 2019 9:59:12 上午 org.apache.catalina.startup.HostConfig deployDirectory
信息: Deployment of web application directory C:\Program Files\apache-tomcat-7.0.96\webapps\manager has finished in 147 ms
十月 30, 2019 10:02:23 上午 org.apache.catalina.core.StandardServer await
信息: A valid shutdown command was received via the shutdown port. Stopping the Server instance.
十月 30, 2019 10:02:23 上午 org.apache.coyote.AbstractProtocol pause
信息: Pausing ProtocolHandler ["http-apr-8080"]
十月 30, 2019 10:02:23 上午 org.apache.coyote.AbstractProtocol pause
信息: Pausing ProtocolHandler ["ajp-apr-8009"]
十月 30, 2019 10:02:23 上午 org.apache.catalina.core.StandardService stopInternal
信息: Stopping service Catalina
十月 30, 2019 10:02:23 上午 org.apache.coyote.AbstractProtocol stop
信息: Stopping ProtocolHandler ["http-apr-8080"]
十月 30, 2019 10:02:23 上午 org.apache.coyote.AbstractProtocol stop
信息: Stopping ProtocolHandler ["ajp-apr-8009"]
十月 30, 2019 10:02:23 上午 org.apache.coyote.AbstractProtocol destroy
信息: Destroying ProtocolHandler ["http-apr-8080"]
十月 30, 2019 10:02:23 上午 org.apache.coyote.AbstractProtocol destroy
信息: Destroying ProtocolHandler ["ajp-apr-8009"]
十月 30, 2019 10:02:38 上午 org.apache.catalina.startup.VersionLoggerListener log
信息: Server version:        Apache Tomcat/7.0.96
十月 30, 2019 10:02:38 上午 org.apache.catalina.startup.VersionLoggerListener log
信息: Server built:          Jul 24 2019 13:00:10 UTC
十月 30, 2019 10:02:38 上午 org.apache.catalina.startup.VersionLoggerListener log
信息: Server number:         7.0.96.0
十月 30, 2019 10:02:38 上午 org.apache.catalina.startup.VersionLoggerListener log
信息: OS Name:               Windows 10
十月 30, 2019 10:02:38 上午 org.apache.catalina.startup.VersionLoggerListener log
信息: OS Version:            10.0
十月 30, 2019 10:02:38 上午 org.apache.catalina.startup.VersionLoggerListener log
信息: Architecture:          amd64
十月 30, 2019 10:02:38 上午 org.apache.catalina.startup.VersionLoggerListener log
信息: Java Home:             C:\Program Files\Java\jdk1.8.0_131\jre
十月 30, 2019 10:02:38 上午 org.apache.catalina.startup.VersionLoggerListener log
信息: JVM Version:           1.8.0_131-b11
十月 30, 2019 10:02:38 上午 org.apache.catalina.startup.VersionLoggerListener log
信息: JVM Vendor:            Oracle Corporation
十月 30, 2019 10:02:38 上午 org.apache.catalina.startup.VersionLoggerListener log
信息: CATALINA_BASE:         C:\Users\SWSH\.IntelliJIdea2018.3\system\tomcat\Unnamed_ssh1
十月 30, 2019 10:02:38 上午 org.apache.catalina.startup.VersionLoggerListener log
信息: CATALINA_HOME:         C:\Program Files\apache-tomcat-7.0.96
十月 30, 2019 10:02:38 上午 org.apache.catalina.startup.VersionLoggerListener log
信息: Command line argument: -Djava.util.logging.config.file=C:\Users\SWSH\.IntelliJIdea2018.3\system\tomcat\Unnamed_ssh1\conf\logging.properties
十月 30, 2019 10:02:38 上午 org.apache.catalina.startup.VersionLoggerListener log
信息: Command line argument: -Djava.util.logging.manager=org.apache.juli.ClassLoaderLogManager
十月 30, 2019 10:02:38 上午 org.apache.catalina.startup.VersionLoggerListener log
信息: Command line argument: -Dcom.sun.management.jmxremote=
十月 30, 2019 10:02:38 上午 org.apache.catalina.startup.VersionLoggerListener log
信息: Command line argument: -Dcom.sun.management.jmxremote.port=1099
十月 30, 2019 10:02:38 上午 org.apache.catalina.startup.VersionLoggerListener log
信息: Command line argument: -Dcom.sun.management.jmxremote.ssl=false
十月 30, 2019 10:02:38 上午 org.apache.catalina.startup.VersionLoggerListener log
信息: Command line argument: -Dcom.sun.management.jmxremote.password.file=C:\Users\SWSH\.IntelliJIdea2018.3\system\tomcat\Unnamed_ssh1\jmxremote.password
十月 30, 2019 10:02:38 上午 org.apache.catalina.startup.VersionLoggerListener log
信息: Command line argument: -Dcom.sun.management.jmxremote.access.file=C:\Users\SWSH\.IntelliJIdea2018.3\system\tomcat\Unnamed_ssh1\jmxremote.access
十月 30, 2019 10:02:38 上午 org.apache.catalina.startup.VersionLoggerListener log
信息: Command line argument: -Djava.rmi.server.hostname=127.0.0.1
十月 30, 2019 10:02:38 上午 org.apache.catalina.startup.VersionLoggerListener log
信息: Command line argument: -Djdk.tls.ephemeralDHKeySize=2048
十月 30, 2019 10:02:38 上午 org.apache.catalina.startup.VersionLoggerListener log
信息: Command line argument: -Dignore.endorsed.dirs=
十月 30, 2019 10:02:38 上午 org.apache.catalina.startup.VersionLoggerListener log
信息: Command line argument: -Dcatalina.base=C:\Users\SWSH\.IntelliJIdea2018.3\system\tomcat\Unnamed_ssh1
十月 30, 2019 10:02:38 上午 org.apache.catalina.startup.VersionLoggerListener log
信息: Command line argument: -Dcatalina.home=C:\Program Files\apache-tomcat-7.0.96
十月 30, 2019 10:02:38 上午 org.apache.catalina.startup.VersionLoggerListener log
信息: Command line argument: -Djava.io.tmpdir=C:\Program Files\apache-tomcat-7.0.96\temp
十月 30, 2019 10:02:38 上午 org.apache.catalina.core.AprLifecycleListener lifecycleEvent
信息: Loaded APR based Apache Tomcat Native library 1.2.23 using APR version 1.7.0.
十月 30, 2019 10:02:38 上午 org.apache.catalina.core.AprLifecycleListener lifecycleEvent
信息: APR capabilities: IPv6 [true], sendfile [true], accept filters [false], random [true].
十月 30, 2019 10:02:38 上午 org.apache.catalina.core.AprLifecycleListener initializeSSL
信息: OpenSSL successfully initialized (OpenSSL 1.1.1c  28 May 2019)
十月 30, 2019 10:02:38 上午 org.apache.coyote.AbstractProtocol init
信息: Initializing ProtocolHandler ["http-apr-8080"]
十月 30, 2019 10:02:38 上午 org.apache.coyote.AbstractProtocol init
信息: Initializing ProtocolHandler ["ajp-apr-8009"]
十月 30, 2019 10:02:38 上午 org.apache.catalina.startup.Catalina load
信息: Initialization processed in 748 ms
十月 30, 2019 10:02:38 上午 org.apache.catalina.core.StandardService startInternal
信息: Starting service Catalina
十月 30, 2019 10:02:38 上午 org.apache.catalina.core.StandardEngine startInternal
信息: Starting Servlet Engine: Apache Tomcat/7.0.96
十月 30, 2019 10:02:39 上午 org.apache.coyote.AbstractProtocol start
信息: Starting ProtocolHandler ["http-apr-8080"]
十月 30, 2019 10:02:39 上午 org.apache.coyote.AbstractProtocol start
信息: Starting ProtocolHandler ["ajp-apr-8009"]
十月 30, 2019 10:02:39 上午 org.apache.catalina.startup.Catalina start
信息: Server startup in 99 ms
十月 30, 2019 10:02:49 上午 org.apache.catalina.startup.HostConfig deployDirectory
信息: Deploying web application directory C:\Program Files\apache-tomcat-7.0.96\webapps\manager
十月 30, 2019 10:02:49 上午 org.apache.catalina.startup.HostConfig deployDirectory
信息: Deployment of web application directory C:\Program Files\apache-tomcat-7.0.96\webapps\manager has finished in 184 ms
十月 30, 2019 10:04:20 上午 org.apache.catalina.core.StandardServer await
信息: A valid shutdown command was received via the shutdown port. Stopping the Server instance.
十月 30, 2019 10:04:20 上午 org.apache.coyote.AbstractProtocol pause
信息: Pausing ProtocolHandler ["http-apr-8080"]
十月 30, 2019 10:04:20 上午 org.apache.coyote.AbstractProtocol pause
信息: Pausing ProtocolHandler ["ajp-apr-8009"]
十月 30, 2019 10:04:20 上午 org.apache.catalina.core.StandardService stopInternal
信息: Stopping service Catalina
十月 30, 2019 10:04:20 上午 org.apache.coyote.AbstractProtocol stop
信息: Stopping ProtocolHandler ["http-apr-8080"]
十月 30, 2019 10:04:20 上午 org.apache.coyote.AbstractProtocol stop
信息: Stopping ProtocolHandler ["ajp-apr-8009"]
十月 30, 2019 10:04:20 上午 org.apache.coyote.AbstractProtocol destroy
信息: Destroying ProtocolHandler ["http-apr-8080"]
十月 30, 2019 10:04:20 上午 org.apache.coyote.AbstractProtocol destroy
信息: Destroying ProtocolHandler ["ajp-apr-8009"]
十月 30, 2019 10:04:35 上午 org.apache.catalina.startup.VersionLoggerListener log
信息: Server version:        Apache Tomcat/7.0.96
十月 30, 2019 10:04:35 上午 org.apache.catalina.startup.VersionLoggerListener log
信息: Server built:          Jul 24 2019 13:00:10 UTC
十月 30, 2019 10:04:35 上午 org.apache.catalina.startup.VersionLoggerListener log
信息: Server number:         7.0.96.0
十月 30, 2019 10:04:35 上午 org.apache.catalina.startup.VersionLoggerListener log
信息: OS Name:               Windows 10
十月 30, 2019 10:04:35 上午 org.apache.catalina.startup.VersionLoggerListener log
信息: OS Version:            10.0
十月 30, 2019 10:04:35 上午 org.apache.catalina.startup.VersionLoggerListener log
信息: Architecture:          amd64
十月 30, 2019 10:04:35 上午 org.apache.catalina.startup.VersionLoggerListener log
信息: Java Home:             C:\Program Files\Java\jdk1.8.0_131\jre
十月 30, 2019 10:04:35 上午 org.apache.catalina.startup.VersionLoggerListener log
信息: JVM Version:           1.8.0_131-b11
十月 30, 2019 10:04:35 上午 org.apache.catalina.startup.VersionLoggerListener log
信息: JVM Vendor:            Oracle Corporation
十月 30, 2019 10:04:35 上午 org.apache.catalina.startup.VersionLoggerListener log
信息: CATALINA_BASE:         C:\Users\SWSH\.IntelliJIdea2018.3\system\tomcat\Unnamed_ssh1
十月 30, 2019 10:04:35 上午 org.apache.catalina.startup.VersionLoggerListener log
信息: CATALINA_HOME:         C:\Program Files\apache-tomcat-7.0.96
十月 30, 2019 10:04:35 上午 org.apache.catalina.startup.VersionLoggerListener log
信息: Command line argument: -Djava.util.logging.config.file=C:\Users\SWSH\.IntelliJIdea2018.3\system\tomcat\Unnamed_ssh1\conf\logging.properties
十月 30, 2019 10:04:35 上午 org.apache.catalina.startup.VersionLoggerListener log
信息: Command line argument: -Djava.util.logging.manager=org.apache.juli.ClassLoaderLogManager
十月 30, 2019 10:04:35 上午 org.apache.catalina.startup.VersionLoggerListener log
信息: Command line argument: -Dcom.sun.management.jmxremote=
十月 30, 2019 10:04:35 上午 org.apache.catalina.startup.VersionLoggerListener log
信息: Command line argument: -Dcom.sun.management.jmxremote.port=1099
十月 30, 2019 10:04:35 上午 org.apache.catalina.startup.VersionLoggerListener log
信息: Command line argument: -Dcom.sun.management.jmxremote.ssl=false
十月 30, 2019 10:04:35 上午 org.apache.catalina.startup.VersionLoggerListener log
信息: Command line argument: -Dcom.sun.management.jmxremote.password.file=C:\Users\SWSH\.IntelliJIdea2018.3\system\tomcat\Unnamed_ssh1\jmxremote.password
十月 30, 2019 10:04:35 上午 org.apache.catalina.startup.VersionLoggerListener log
信息: Command line argument: -Dcom.sun.management.jmxremote.access.file=C:\Users\SWSH\.IntelliJIdea2018.3\system\tomcat\Unnamed_ssh1\jmxremote.access
十月 30, 2019 10:04:35 上午 org.apache.catalina.startup.VersionLoggerListener log
信息: Command line argument: -Djava.rmi.server.hostname=127.0.0.1
十月 30, 2019 10:04:35 上午 org.apache.catalina.startup.VersionLoggerListener log
信息: Command line argument: -Djdk.tls.ephemeralDHKeySize=2048
十月 30, 2019 10:04:35 上午 org.apache.catalina.startup.VersionLoggerListener log
信息: Command line argument: -Dignore.endorsed.dirs=
十月 30, 2019 10:04:35 上午 org.apache.catalina.startup.VersionLoggerListener log
信息: Command line argument: -Dcatalina.base=C:\Users\SWSH\.IntelliJIdea2018.3\system\tomcat\Unnamed_ssh1
十月 30, 2019 10:04:35 上午 org.apache.catalina.startup.VersionLoggerListener log
信息: Command line argument: -Dcatalina.home=C:\Program Files\apache-tomcat-7.0.96
十月 30, 2019 10:04:35 上午 org.apache.catalina.startup.VersionLoggerListener log
信息: Command line argument: -Djava.io.tmpdir=C:\Program Files\apache-tomcat-7.0.96\temp
十月 30, 2019 10:04:35 上午 org.apache.catalina.core.AprLifecycleListener lifecycleEvent
信息: Loaded APR based Apache Tomcat Native library 1.2.23 using APR version 1.7.0.
十月 30, 2019 10:04:35 上午 org.apache.catalina.core.AprLifecycleListener lifecycleEvent
信息: APR capabilities: IPv6 [true], sendfile [true], accept filters [false], random [true].
十月 30, 2019 10:04:35 上午 org.apache.catalina.core.AprLifecycleListener initializeSSL
信息: OpenSSL successfully initialized (OpenSSL 1.1.1c  28 May 2019)
十月 30, 2019 10:04:36 上午 org.apache.coyote.AbstractProtocol init
信息: Initializing ProtocolHandler ["http-apr-8080"]
十月 30, 2019 10:04:36 上午 org.apache.coyote.AbstractProtocol init
信息: Initializing ProtocolHandler ["ajp-apr-8009"]
十月 30, 2019 10:04:36 上午 org.apache.catalina.startup.Catalina load
信息: Initialization processed in 721 ms
十月 30, 2019 10:04:36 上午 org.apache.catalina.core.StandardService startInternal
信息: Starting service Catalina
十月 30, 2019 10:04:36 上午 org.apache.catalina.core.StandardEngine startInternal
信息: Starting Servlet Engine: Apache Tomcat/7.0.96
十月 30, 2019 10:04:36 上午 org.apache.coyote.AbstractProtocol start
信息: Starting ProtocolHandler ["http-apr-8080"]
十月 30, 2019 10:04:36 上午 org.apache.coyote.AbstractProtocol start
信息: Starting ProtocolHandler ["ajp-apr-8009"]
十月 30, 2019 10:04:36 上午 org.apache.catalina.startup.Catalina start
信息: Server startup in 107 ms
十月 30, 2019 10:04:46 上午 org.apache.catalina.startup.HostConfig deployDirectory
信息: Deploying web application directory C:\Program Files\apache-tomcat-7.0.96\webapps\manager
十月 30, 2019 10:04:46 上午 org.apache.catalina.startup.HostConfig deployDirectory
信息: Deployment of web application directory C:\Program Files\apache-tomcat-7.0.96\webapps\manager has finished in 166 ms
十月 30, 2019 10:05:14 上午 org.apache.catalina.core.StandardServer await
信息: A valid shutdown command was received via the shutdown port. Stopping the Server instance.
十月 30, 2019 10:05:14 上午 org.apache.coyote.AbstractProtocol pause
信息: Pausing ProtocolHandler ["http-apr-8080"]
十月 30, 2019 10:05:14 上午 org.apache.coyote.AbstractProtocol pause
信息: Pausing ProtocolHandler ["ajp-apr-8009"]
十月 30, 2019 10:05:14 上午 org.apache.catalina.core.StandardService stopInternal
信息: Stopping service Catalina
十月 30, 2019 10:05:14 上午 org.apache.coyote.AbstractProtocol stop
信息: Stopping ProtocolHandler ["http-apr-8080"]
十月 30, 2019 10:05:14 上午 org.apache.coyote.AbstractProtocol stop
信息: Stopping ProtocolHandler ["ajp-apr-8009"]
十月 30, 2019 10:05:14 上午 org.apache.coyote.AbstractProtocol destroy
信息: Destroying ProtocolHandler ["http-apr-8080"]
十月 30, 2019 10:05:14 上午 org.apache.coyote.AbstractProtocol destroy
信息: Destroying ProtocolHandler ["ajp-apr-8009"]
十月 30, 2019 10:05:30 上午 org.apache.catalina.startup.VersionLoggerListener log
信息: Server version:        Apache Tomcat/7.0.96
十月 30, 2019 10:05:30 上午 org.apache.catalina.startup.VersionLoggerListener log
信息: Server built:          Jul 24 2019 13:00:10 UTC
十月 30, 2019 10:05:30 上午 org.apache.catalina.startup.VersionLoggerListener log
信息: Server number:         7.0.96.0
十月 30, 2019 10:05:30 上午 org.apache.catalina.startup.VersionLoggerListener log
信息: OS Name:               Windows 10
十月 30, 2019 10:05:30 上午 org.apache.catalina.startup.VersionLoggerListener log
信息: OS Version:            10.0
十月 30, 2019 10:05:30 上午 org.apache.catalina.startup.VersionLoggerListener log
信息: Architecture:          amd64
十月 30, 2019 10:05:30 上午 org.apache.catalina.startup.VersionLoggerListener log
信息: Java Home:             C:\Program Files\Java\jdk1.8.0_131\jre
十月 30, 2019 10:05:30 上午 org.apache.catalina.startup.VersionLoggerListener log
信息: JVM Version:           1.8.0_131-b11
十月 30, 2019 10:05:30 上午 org.apache.catalina.startup.VersionLoggerListener log
信息: JVM Vendor:            Oracle Corporation
十月 30, 2019 10:05:30 上午 org.apache.catalina.startup.VersionLoggerListener log
信息: CATALINA_BASE:         C:\Users\SWSH\.IntelliJIdea2018.3\system\tomcat\Unnamed_ssh1
十月 30, 2019 10:05:30 上午 org.apache.catalina.startup.VersionLoggerListener log
信息: CATALINA_HOME:         C:\Program Files\apache-tomcat-7.0.96
十月 30, 2019 10:05:30 上午 org.apache.catalina.startup.VersionLoggerListener log
信息: Command line argument: -Djava.util.logging.config.file=C:\Users\SWSH\.IntelliJIdea2018.3\system\tomcat\Unnamed_ssh1\conf\logging.properties
十月 30, 2019 10:05:30 上午 org.apache.catalina.startup.VersionLoggerListener log
信息: Command line argument: -Djava.util.logging.manager=org.apache.juli.ClassLoaderLogManager
十月 30, 2019 10:05:30 上午 org.apache.catalina.startup.VersionLoggerListener log
信息: Command line argument: -Dcom.sun.management.jmxremote=
十月 30, 2019 10:05:30 上午 org.apache.catalina.startup.VersionLoggerListener log
信息: Command line argument: -Dcom.sun.management.jmxremote.port=1099
十月 30, 2019 10:05:30 上午 org.apache.catalina.startup.VersionLoggerListener log
信息: Command line argument: -Dcom.sun.management.jmxremote.ssl=false
十月 30, 2019 10:05:30 上午 org.apache.catalina.startup.VersionLoggerListener log
信息: Command line argument: -Dcom.sun.management.jmxremote.password.file=C:\Users\SWSH\.IntelliJIdea2018.3\system\tomcat\Unnamed_ssh1\jmxremote.password
十月 30, 2019 10:05:30 上午 org.apache.catalina.startup.VersionLoggerListener log
信息: Command line argument: -Dcom.sun.management.jmxremote.access.file=C:\Users\SWSH\.IntelliJIdea2018.3\system\tomcat\Unnamed_ssh1\jmxremote.access
十月 30, 2019 10:05:30 上午 org.apache.catalina.startup.VersionLoggerListener log
信息: Command line argument: -Djava.rmi.server.hostname=127.0.0.1
十月 30, 2019 10:05:30 上午 org.apache.catalina.startup.VersionLoggerListener log
信息: Command line argument: -Djdk.tls.ephemeralDHKeySize=2048
十月 30, 2019 10:05:30 上午 org.apache.catalina.startup.VersionLoggerListener log
信息: Command line argument: -Dignore.endorsed.dirs=
十月 30, 2019 10:05:30 上午 org.apache.catalina.startup.VersionLoggerListener log
信息: Command line argument: -Dcatalina.base=C:\Users\SWSH\.IntelliJIdea2018.3\system\tomcat\Unnamed_ssh1
十月 30, 2019 10:05:30 上午 org.apache.catalina.startup.VersionLoggerListener log
信息: Command line argument: -Dcatalina.home=C:\Program Files\apache-tomcat-7.0.96
十月 30, 2019 10:05:30 上午 org.apache.catalina.startup.VersionLoggerListener log
信息: Command line argument: -Djava.io.tmpdir=C:\Program Files\apache-tomcat-7.0.96\temp
十月 30, 2019 10:05:30 上午 org.apache.catalina.core.AprLifecycleListener lifecycleEvent
信息: Loaded APR based Apache Tomcat Native library 1.2.23 using APR version 1.7.0.
十月 30, 2019 10:05:30 上午 org.apache.catalina.core.AprLifecycleListener lifecycleEvent
信息: APR capabilities: IPv6 [true], sendfile [true], accept filters [false], random [true].
十月 30, 2019 10:05:30 上午 org.apache.catalina.core.AprLifecycleListener initializeSSL
信息: OpenSSL successfully initialized (OpenSSL 1.1.1c  28 May 2019)
十月 30, 2019 10:05:30 上午 org.apache.coyote.AbstractProtocol init
信息: Initializing ProtocolHandler ["http-apr-8080"]
十月 30, 2019 10:05:30 上午 org.apache.coyote.AbstractProtocol init
信息: Initializing ProtocolHandler ["ajp-apr-8009"]
十月 30, 2019 10:05:30 上午 org.apache.catalina.startup.Catalina load
信息: Initialization processed in 842 ms
十月 30, 2019 10:05:31 上午 org.apache.catalina.core.StandardService startInternal
信息: Starting service Catalina
十月 30, 2019 10:05:31 上午 org.apache.catalina.core.StandardEngine startInternal
信息: Starting Servlet Engine: Apache Tomcat/7.0.96
十月 30, 2019 10:05:31 上午 org.apache.coyote.AbstractProtocol start
信息: Starting ProtocolHandler ["http-apr-8080"]
十月 30, 2019 10:05:31 上午 org.apache.coyote.AbstractProtocol start
信息: Starting ProtocolHandler ["ajp-apr-8009"]
十月 30, 2019 10:05:31 上午 org.apache.catalina.startup.Catalina start
信息: Server startup in 86 ms
十月 30, 2019 10:05:41 上午 org.apache.catalina.startup.HostConfig deployDirectory
信息: Deploying web application directory C:\Program Files\apache-tomcat-7.0.96\webapps\manager
十月 30, 2019 10:05:41 上午 org.apache.catalina.startup.HostConfig deployDirectory
信息: Deployment of web application directory C:\Program Files\apache-tomcat-7.0.96\webapps\manager has finished in 171 ms
十月 30, 2019 10:09:43 上午 org.apache.catalina.core.StandardServer await
信息: A valid shutdown command was received via the shutdown port. Stopping the Server instance.
十月 30, 2019 10:09:43 上午 org.apache.coyote.AbstractProtocol pause
信息: Pausing ProtocolHandler ["http-apr-8080"]
十月 30, 2019 10:09:43 上午 org.apache.coyote.AbstractProtocol pause
信息: Pausing ProtocolHandler ["ajp-apr-8009"]
十月 30, 2019 10:09:43 上午 org.apache.catalina.core.StandardService stopInternal
信息: Stopping service Catalina
十月 30, 2019 10:09:43 上午 org.apache.coyote.AbstractProtocol stop
信息: Stopping ProtocolHandler ["http-apr-8080"]
十月 30, 2019 10:09:43 上午 org.apache.coyote.AbstractProtocol stop
信息: Stopping ProtocolHandler ["ajp-apr-8009"]
十月 30, 2019 10:09:43 上午 org.apache.coyote.AbstractProtocol destroy
信息: Destroying ProtocolHandler ["http-apr-8080"]
十月 30, 2019 10:09:43 上午 org.apache.coyote.AbstractProtocol destroy
信息: Destroying ProtocolHandler ["ajp-apr-8009"]
