十一月 06, 2019 10:00:26 上午 org.apache.catalina.startup.VersionLoggerListener log
信息: Server version:        Apache Tomcat/7.0.96
十一月 06, 2019 10:00:26 上午 org.apache.catalina.startup.VersionLoggerListener log
信息: Server built:          Jul 24 2019 13:00:10 UTC
十一月 06, 2019 10:00:26 上午 org.apache.catalina.startup.VersionLoggerListener log
信息: Server number:         7.0.96.0
十一月 06, 2019 10:00:26 上午 org.apache.catalina.startup.VersionLoggerListener log
信息: OS Name:               Windows 10
十一月 06, 2019 10:00:26 上午 org.apache.catalina.startup.VersionLoggerListener log
信息: OS Version:            10.0
十一月 06, 2019 10:00:26 上午 org.apache.catalina.startup.VersionLoggerListener log
信息: Architecture:          amd64
十一月 06, 2019 10:00:26 上午 org.apache.catalina.startup.VersionLoggerListener log
信息: Java Home:             C:\Program Files\Java\jdk1.8.0_131\jre
十一月 06, 2019 10:00:26 上午 org.apache.catalina.startup.VersionLoggerListener log
信息: JVM Version:           1.8.0_131-b11
十一月 06, 2019 10:00:26 上午 org.apache.catalina.startup.VersionLoggerListener log
信息: JVM Vendor:            Oracle Corporation
十一月 06, 2019 10:00:26 上午 org.apache.catalina.startup.VersionLoggerListener log
信息: CATALINA_BASE:         C:\Users\SWSH\.IntelliJIdea2018.3\system\tomcat\Unnamed_ssh1
十一月 06, 2019 10:00:26 上午 org.apache.catalina.startup.VersionLoggerListener log
信息: CATALINA_HOME:         C:\Program Files\apache-tomcat-7.0.96
十一月 06, 2019 10:00:26 上午 org.apache.catalina.startup.VersionLoggerListener log
信息: Command line argument: -Djava.util.logging.config.file=C:\Users\SWSH\.IntelliJIdea2018.3\system\tomcat\Unnamed_ssh1\conf\logging.properties
十一月 06, 2019 10:00:26 上午 org.apache.catalina.startup.VersionLoggerListener log
信息: Command line argument: -Djava.util.logging.manager=org.apache.juli.ClassLoaderLogManager
十一月 06, 2019 10:00:26 上午 org.apache.catalina.startup.VersionLoggerListener log
信息: Command line argument: -Dcom.sun.management.jmxremote=
十一月 06, 2019 10:00:26 上午 org.apache.catalina.startup.VersionLoggerListener log
信息: Command line argument: -Dcom.sun.management.jmxremote.port=1099
十一月 06, 2019 10:00:26 上午 org.apache.catalina.startup.VersionLoggerListener log
信息: Command line argument: -Dcom.sun.management.jmxremote.ssl=false
十一月 06, 2019 10:00:26 上午 org.apache.catalina.startup.VersionLoggerListener log
信息: Command line argument: -Dcom.sun.management.jmxremote.password.file=C:\Users\SWSH\.IntelliJIdea2018.3\system\tomcat\Unnamed_ssh1\jmxremote.password
十一月 06, 2019 10:00:26 上午 org.apache.catalina.startup.VersionLoggerListener log
信息: Command line argument: -Dcom.sun.management.jmxremote.access.file=C:\Users\SWSH\.IntelliJIdea2018.3\system\tomcat\Unnamed_ssh1\jmxremote.access
十一月 06, 2019 10:00:26 上午 org.apache.catalina.startup.VersionLoggerListener log
信息: Command line argument: -Djava.rmi.server.hostname=127.0.0.1
十一月 06, 2019 10:00:26 上午 org.apache.catalina.startup.VersionLoggerListener log
信息: Command line argument: -Djdk.tls.ephemeralDHKeySize=2048
十一月 06, 2019 10:00:26 上午 org.apache.catalina.startup.VersionLoggerListener log
信息: Command line argument: -Dignore.endorsed.dirs=
十一月 06, 2019 10:00:26 上午 org.apache.catalina.startup.VersionLoggerListener log
信息: Command line argument: -Dcatalina.base=C:\Users\SWSH\.IntelliJIdea2018.3\system\tomcat\Unnamed_ssh1
十一月 06, 2019 10:00:26 上午 org.apache.catalina.startup.VersionLoggerListener log
信息: Command line argument: -Dcatalina.home=C:\Program Files\apache-tomcat-7.0.96
十一月 06, 2019 10:00:26 上午 org.apache.catalina.startup.VersionLoggerListener log
信息: Command line argument: -Djava.io.tmpdir=C:\Program Files\apache-tomcat-7.0.96\temp
十一月 06, 2019 10:00:26 上午 org.apache.catalina.core.AprLifecycleListener lifecycleEvent
信息: Loaded APR based Apache Tomcat Native library 1.2.23 using APR version 1.7.0.
十一月 06, 2019 10:00:26 上午 org.apache.catalina.core.AprLifecycleListener lifecycleEvent
信息: APR capabilities: IPv6 [true], sendfile [true], accept filters [false], random [true].
十一月 06, 2019 10:00:26 上午 org.apache.catalina.core.AprLifecycleListener initializeSSL
信息: OpenSSL successfully initialized (OpenSSL 1.1.1c  28 May 2019)
十一月 06, 2019 10:00:26 上午 org.apache.coyote.AbstractProtocol init
信息: Initializing ProtocolHandler ["http-apr-8080"]
十一月 06, 2019 10:00:26 上午 org.apache.coyote.AbstractProtocol init
信息: Initializing ProtocolHandler ["ajp-apr-8009"]
十一月 06, 2019 10:00:26 上午 org.apache.catalina.startup.Catalina load
信息: Initialization processed in 1696 ms
十一月 06, 2019 10:00:27 上午 org.apache.catalina.core.StandardService startInternal
信息: Starting service Catalina
十一月 06, 2019 10:00:27 上午 org.apache.catalina.core.StandardEngine startInternal
信息: Starting Servlet Engine: Apache Tomcat/7.0.96
十一月 06, 2019 10:00:27 上午 org.apache.coyote.AbstractProtocol start
信息: Starting ProtocolHandler ["http-apr-8080"]
十一月 06, 2019 10:00:27 上午 org.apache.coyote.AbstractProtocol start
信息: Starting ProtocolHandler ["ajp-apr-8009"]
十一月 06, 2019 10:00:27 上午 org.apache.catalina.startup.Catalina start
信息: Server startup in 129 ms
十一月 06, 2019 10:00:37 上午 org.apache.catalina.startup.HostConfig deployDirectory
信息: Deploying web application directory C:\Program Files\apache-tomcat-7.0.96\webapps\manager
十一月 06, 2019 10:00:37 上午 org.apache.catalina.startup.HostConfig deployDirectory
信息: Deployment of web application directory C:\Program Files\apache-tomcat-7.0.96\webapps\manager has finished in 294 ms
十一月 06, 2019 10:07:50 上午 org.apache.catalina.core.StandardServer await
信息: A valid shutdown command was received via the shutdown port. Stopping the Server instance.
十一月 06, 2019 10:07:50 上午 org.apache.coyote.AbstractProtocol pause
信息: Pausing ProtocolHandler ["http-apr-8080"]
十一月 06, 2019 10:07:50 上午 org.apache.coyote.AbstractProtocol pause
信息: Pausing ProtocolHandler ["ajp-apr-8009"]
十一月 06, 2019 10:07:50 上午 org.apache.catalina.core.StandardService stopInternal
信息: Stopping service Catalina
十一月 06, 2019 10:07:50 上午 org.apache.coyote.AbstractProtocol stop
信息: Stopping ProtocolHandler ["http-apr-8080"]
十一月 06, 2019 10:07:50 上午 org.apache.coyote.AbstractProtocol stop
信息: Stopping ProtocolHandler ["ajp-apr-8009"]
十一月 06, 2019 10:07:50 上午 org.apache.coyote.AbstractProtocol destroy
信息: Destroying ProtocolHandler ["http-apr-8080"]
十一月 06, 2019 10:07:50 上午 org.apache.coyote.AbstractProtocol destroy
信息: Destroying ProtocolHandler ["ajp-apr-8009"]
