{"session":"7b438712fca3","build":"183.5429.30","bucket":"-1","time":1578013826631,"group":{"id":"system.os.name","version":"9"},"event":{"data":{"created":1578013826632},"id":"Windows"}}
{"session":"7b438712fca3","build":"183.5429.30","bucket":"-1","time":1578013826632,"group":{"id":"system.os.version","version":"9"},"event":{"data":{"created":1578013826644},"id":"10.0"}}
{"session":"7b438712fca3","build":"183.5429.30","bucket":"-1","time":1578013826632,"group":{"id":"system.jvm.vendor","version":"9"},"event":{"data":{"created":1578013826653},"id":"JetBrains_s.r.o"}}
{"session":"7b438712fca3","build":"183.5429.30","bucket":"-1","time":1578013826632,"group":{"id":"system.jvm.version","version":"9"},"event":{"data":{"created":1578013826654},"id":"1.8"}}
{"session":"7b438712fca3","build":"183.5429.30","bucket":"-1","time":1578013826650,"group":{"id":"settings","version":"9"},"event":{"data":{"created":1578013826654,"name":"activeMruEditorOnClose","value":false},"id":"UISettings"}}
{"session":"7b438712fca3","build":"183.5429.30","bucket":"-1","time":1578013826650,"group":{"id":"settings","version":"9"},"event":{"data":{"created":1578013826654,"name":"activeRightEditorOnClose","value":false},"id":"UISettings"}}
{"session":"7b438712fca3","build":"183.5429.30","bucket":"-1","time":1578013826650,"group":{"id":"settings","version":"9"},"event":{"data":{"created":1578013826655,"name":"allowMergeButtons","value":true},"id":"UISettings"}}
{"session":"7b438712fca3","build":"183.5429.30","bucket":"-1","time":1578013826651,"group":{"id":"settings","version":"9"},"event":{"data":{"created":1578013826655,"name":"alwaysShowWindowsButton","value":false},"id":"UISettings"}}
{"session":"7b438712fca3","build":"183.5429.30","bucket":"-1","time":1578013826651,"group":{"id":"settings","version":"9"},"event":{"data":{"created":1578013826655,"name":"animateWindows","value":true},"id":"UISettings"}}
{"session":"7b438712fca3","build":"183.5429.30","bucket":"-1","time":1578013826651,"group":{"id":"settings","version":"9"},"event":{"data":{"created":1578013826656,"name":"closeNonModifiedFilesFirst","value":false},"id":"UISettings"}}
{"session":"7b438712fca3","build":"183.5429.30","bucket":"-1","time":1578013826651,"group":{"id":"settings","version":"9"},"event":{"data":{"created":1578013826656,"name":"closeTabButtonOnTheRight","value":true},"id":"UISettings"}}
{"session":"7b438712fca3","build":"183.5429.30","bucket":"-1","time":1578013826651,"group":{"id":"settings","version":"9"},"event":{"data":{"created":1578013826656,"name":"cycleScrolling","value":true},"id":"UISettings"}}
{"session":"7b438712fca3","build":"183.5429.30","bucket":"-1","time":1578013826651,"group":{"id":"settings","version":"9"},"event":{"data":{"created":1578013826657,"name":"defaultAutoScrollToSource","value":false},"id":"UISettings"}}
{"session":"7b438712fca3","build":"183.5429.30","bucket":"-1","time":1578013826651,"group":{"id":"settings","version":"9"},"event":{"data":{"created":1578013826657,"name":"disableMnemonics","value":false},"id":"UISettings"}}
{"session":"7b438712fca3","build":"183.5429.30","bucket":"-1","time":1578013826651,"group":{"id":"settings","version":"9"},"event":{"data":{"created":1578013826658,"name":"disableMnemonicsInControls","value":false},"id":"UISettings"}}
{"session":"7b438712fca3","build":"183.5429.30","bucket":"-1","time":1578013826651,"group":{"id":"settings","version":"9"},"event":{"data":{"created":1578013826659,"name":"dndWithPressedAltOnly","value":false},"id":"UISettings"}}
{"session":"7b438712fca3","build":"183.5429.30","bucket":"-1","time":1578013826651,"group":{"id":"settings","version":"9"},"event":{"data":{"created":1578013826659,"name":"enableAlphaMode","value":false},"id":"UISettings"}}
{"session":"7b438712fca3","build":"183.5429.30","bucket":"-1","time":1578013826651,"group":{"id":"settings","version":"9"},"event":{"data":{"created":1578013826659,"name":"hideKnownExtensionInTabs","value":false},"id":"UISettings"}}
{"session":"7b438712fca3","build":"183.5429.30","bucket":"-1","time":1578013826651,"group":{"id":"settings","version":"9"},"event":{"data":{"created":1578013826659,"name":"hideNavigationOnFocusLoss","value":true},"id":"UISettings"}}
{"session":"7b438712fca3","build":"183.5429.30","bucket":"-1","time":1578013826651,"group":{"id":"settings","version":"9"},"event":{"data":{"created":1578013826660,"name":"hideTabsIfNeed","value":true},"id":"UISettings"}}
{"session":"7b438712fca3","build":"183.5429.30","bucket":"-1","time":1578013826651,"group":{"id":"settings","version":"9"},"event":{"data":{"created":1578013826660,"name":"hideToolStripes","value":false},"id":"UISettings"}}
{"session":"7b438712fca3","build":"183.5429.30","bucket":"-1","time":1578013826651,"group":{"id":"settings","version":"9"},"event":{"data":{"created":1578013826660,"name":"leftHorizontalSplit","value":false},"id":"UISettings"}}
{"session":"7b438712fca3","build":"183.5429.30","bucket":"-1","time":1578013826651,"group":{"id":"settings","version":"9"},"event":{"data":{"created":1578013826661,"name":"markModifiedTabsWithAsterisk","value":false},"id":"UISettings"}}
{"session":"7b438712fca3","build":"183.5429.30","bucket":"-1","time":1578013826651,"group":{"id":"settings","version":"9"},"event":{"data":{"created":1578013826661,"name":"mergeEqualStackTraces","value":true},"id":"UISettings"}}
{"session":"7b438712fca3","build":"183.5429.30","bucket":"-1","time":1578013826651,"group":{"id":"settings","version":"9"},"event":{"data":{"created":1578013826662,"name":"moveMouseOnDefaultButton","value":false},"id":"UISettings"}}
{"session":"7b438712fca3","build":"183.5429.30","bucket":"-1","time":1578013826651,"group":{"id":"settings","version":"9"},"event":{"data":{"created":1578013826662,"name":"navigateToPreview","value":false},"id":"UISettings"}}
{"session":"7b438712fca3","build":"183.5429.30","bucket":"-1","time":1578013826651,"group":{"id":"settings","version":"9"},"event":{"data":{"created":1578013826662,"name":"overrideConsoleCycleBufferSize","value":false},"id":"UISettings"}}
{"session":"7b438712fca3","build":"183.5429.30","bucket":"-1","time":1578013826651,"group":{"id":"settings","version":"9"},"event":{"data":{"created":1578013826663,"name":"overrideLafFonts","value":false},"id":"UISettings"}}
{"session":"7b438712fca3","build":"183.5429.30","bucket":"-1","time":1578013826651,"group":{"id":"settings","version":"9"},"event":{"data":{"default":false,"created":1578013826663,"name":"pinFindInPath","value":true},"id":"UISettings"}}
{"session":"7b438712fca3","build":"183.5429.30","bucket":"-1","time":1578013826651,"group":{"id":"settings","version":"9"},"event":{"data":{"created":1578013826664,"name":"presentationMode","value":false},"id":"UISettings"}}
{"session":"7b438712fca3","build":"183.5429.30","bucket":"-1","time":1578013826651,"group":{"id":"settings","version":"9"},"event":{"data":{"created":1578013826664,"name":"reuseNotModifiedTabs","value":false},"id":"UISettings"}}
{"session":"7b438712fca3","build":"183.5429.30","bucket":"-1","time":1578013826651,"group":{"id":"settings","version":"9"},"event":{"data":{"created":1578013826664,"name":"rightHorizontalSplit","value":false},"id":"UISettings"}}
{"session":"7b438712fca3","build":"183.5429.30","bucket":"-1","time":1578013826651,"group":{"id":"settings","version":"9"},"event":{"data":{"created":1578013826665,"name":"scrollTabLayoutInEditor","value":true},"id":"UISettings"}}
{"session":"7b438712fca3","build":"183.5429.30","bucket":"-1","time":1578013826651,"group":{"id":"settings","version":"9"},"event":{"data":{"created":1578013826665,"name":"showCloseButton","value":true},"id":"UISettings"}}
{"session":"7b438712fca3","build":"183.5429.30","bucket":"-1","time":1578013826651,"group":{"id":"settings","version":"9"},"event":{"data":{"created":1578013826665,"name":"showDirectoryForNonUniqueFilenames","value":true},"id":"UISettings"}}
{"session":"7b438712fca3","build":"183.5429.30","bucket":"-1","time":1578013826651,"group":{"id":"settings","version":"9"},"event":{"data":{"created":1578013826665,"name":"showEditorToolTip","value":true},"id":"UISettings"}}
{"session":"7b438712fca3","build":"183.5429.30","bucket":"-1","time":1578013826651,"group":{"id":"settings","version":"9"},"event":{"data":{"created":1578013826666,"name":"showIconInQuickNavigation","value":true},"id":"UISettings"}}
{"session":"7b438712fca3","build":"183.5429.30","bucket":"-1","time":1578013826651,"group":{"id":"settings","version":"9"},"event":{"data":{"created":1578013826666,"name":"showIconsInMenus","value":true},"id":"UISettings"}}
{"session":"7b438712fca3","build":"183.5429.30","bucket":"-1","time":1578013826651,"group":{"id":"settings","version":"9"},"event":{"data":{"created":1578013826666,"name":"showMainToolbar","value":false},"id":"UISettings"}}
{"session":"7b438712fca3","build":"183.5429.30","bucket":"-1","time":1578013826651,"group":{"id":"settings","version":"9"},"event":{"data":{"created":1578013826667,"name":"showMemoryIndicator","value":false},"id":"UISettings"}}
{"session":"7b438712fca3","build":"183.5429.30","bucket":"-1","time":1578013826651,"group":{"id":"settings","version":"9"},"event":{"data":{"created":1578013826667,"name":"showNavigationBar","value":true},"id":"UISettings"}}
{"session":"7b438712fca3","build":"183.5429.30","bucket":"-1","time":1578013826651,"group":{"id":"settings","version":"9"},"event":{"data":{"created":1578013826667,"name":"showStatusBar","value":true},"id":"UISettings"}}
{"session":"7b438712fca3","build":"183.5429.30","bucket":"-1","time":1578013826651,"group":{"id":"settings","version":"9"},"event":{"data":{"created":1578013826668,"name":"showTabsTooltips","value":true},"id":"UISettings"}}
{"session":"7b438712fca3","build":"183.5429.30","bucket":"-1","time":1578013826651,"group":{"id":"settings","version":"9"},"event":{"data":{"created":1578013826668,"name":"showToolWindowsNumbers","value":true},"id":"UISettings"}}
{"session":"7b438712fca3","build":"183.5429.30","bucket":"-1","time":1578013826651,"group":{"id":"settings","version":"9"},"event":{"data":{"created":1578013826668,"name":"smoothScrolling","value":false},"id":"UISettings"}}
{"session":"7b438712fca3","build":"183.5429.30","bucket":"-1","time":1578013826651,"group":{"id":"settings","version":"9"},"event":{"data":{"created":1578013826668,"name":"sortBookmarks","value":false},"id":"UISettings"}}
{"session":"7b438712fca3","build":"183.5429.30","bucket":"-1","time":1578013826651,"group":{"id":"settings","version":"9"},"event":{"data":{"created":1578013826668,"name":"sortLookupElementsLexicographically","value":false},"id":"UISettings"}}
{"session":"7b438712fca3","build":"183.5429.30","bucket":"-1","time":1578013826651,"group":{"id":"settings","version":"9"},"event":{"data":{"created":1578013826668,"name":"useSmallLabelsOnTabs","value":false},"id":"UISettings"}}
{"session":"7b438712fca3","build":"183.5429.30","bucket":"-1","time":1578013826651,"group":{"id":"settings","version":"9"},"event":{"data":{"created":1578013826668,"name":"wideScreenSupport","value":false},"id":"UISettings"}}
{"session":"7b438712fca3","build":"183.5429.30","bucket":"-1","time":1578013827794,"group":{"id":"settings","version":"9"},"event":{"data":{"created":1578013827794,"name":"autoSaveIfInactive","value":false},"id":"GeneralSettings"}}
{"session":"7b438712fca3","build":"183.5429.30","bucket":"-1","time":1578013827794,"group":{"id":"settings","version":"9"},"event":{"data":{"default":false,"created":1578013827794,"name":"confirmExit","value":false},"id":"GeneralSettings"}}
{"session":"7b438712fca3","build":"183.5429.30","bucket":"-1","time":1578013827794,"group":{"id":"settings","version":"9"},"event":{"data":{"default":false,"created":1578013827795,"name":"reopenLastProject","value":false},"id":"GeneralSettings"}}
{"session":"7b438712fca3","build":"183.5429.30","bucket":"-1","time":1578013827794,"group":{"id":"settings","version":"9"},"event":{"data":{"created":1578013827795,"name":"saveOnFrameDeactivation","value":true},"id":"GeneralSettings"}}
{"session":"7b438712fca3","build":"183.5429.30","bucket":"-1","time":1578013827794,"group":{"id":"settings","version":"9"},"event":{"data":{"created":1578013827795,"name":"searchInBackground","value":false},"id":"GeneralSettings"}}
{"session":"7b438712fca3","build":"183.5429.30","bucket":"-1","time":1578013827794,"group":{"id":"settings","version":"9"},"event":{"data":{"created":1578013827795,"name":"showTipsOnStartup","value":true},"id":"GeneralSettings"}}
{"session":"7b438712fca3","build":"183.5429.30","bucket":"-1","time":1578013827794,"group":{"id":"settings","version":"9"},"event":{"data":{"created":1578013827796,"name":"showWelcomeScreen","value":true},"id":"GeneralSettings"}}
{"session":"7b438712fca3","build":"183.5429.30","bucket":"-1","time":1578013827794,"group":{"id":"settings","version":"9"},"event":{"data":{"created":1578013827796,"name":"supportScreenReaders","value":false},"id":"GeneralSettings"}}
{"session":"7b438712fca3","build":"183.5429.30","bucket":"-1","time":1578013827794,"group":{"id":"settings","version":"9"},"event":{"data":{"created":1578013827796,"name":"syncOnFrameActivation","value":true},"id":"GeneralSettings"}}
{"session":"7b438712fca3","build":"183.5429.30","bucket":"-1","time":1578013827794,"group":{"id":"settings","version":"9"},"event":{"data":{"created":1578013827796,"name":"useDefaultBrowser","value":true},"id":"GeneralSettings"}}
{"session":"7b438712fca3","build":"183.5429.30","bucket":"-1","time":1578013827794,"group":{"id":"settings","version":"9"},"event":{"data":{"created":1578013827796,"name":"useSafeWrite","value":true},"id":"GeneralSettings"}}
{"session":"7b438712fca3","build":"183.5429.30","bucket":"-1","time":1578013830050,"group":{"id":"statistics.lifecycle.app","version":"9"},"event":{"count":1,"data":{"created":1578013830050},"id":"ide.start"}}
{"session":"7b438712fca3","build":"183.5429.30","bucket":"-1","time":1578013830052,"group":{"id":"lifecycle","version":"9"},"event":{"count":1,"data":{"created":1578013830052},"id":"app.started"}}
{"session":"7b438712fca3","build":"183.5429.30","bucket":"-1","time":1578013832037,"group":{"id":"ui.dialogs","version":"9"},"event":{"count":1,"data":{"created":1578013832037,"type":"show"},"id":"com.intellij.openapi.progress.util.ProgressDialog$MyDialogWrapper"}}
{"session":"7b438712fca3","build":"183.5429.30","bucket":"-1","time":1578013833919,"group":{"id":"ui.dialogs","version":"9"},"event":{"count":1,"data":{"code":1,"created":1578013833919,"type":"close"},"id":"com.intellij.openapi.progress.util.ProgressDialog$MyDialogWrapper"}}
{"session":"7b438712fca3","build":"183.5429.30","bucket":"-1","time":1578013833955,"group":{"id":"statistics.lifecycle.project","version":"9"},"event":{"count":1,"data":{"created":1578013833955,"project":"1545610176"},"id":"project.opened"}}
{"session":"7b438712fca3","build":"183.5429.30","bucket":"-1","time":1578013833955,"group":{"id":"lifecycle","version":"9"},"event":{"count":1,"data":{"created":1578013833955},"id":"project.opened"}}
{"session":"7b438712fca3","build":"183.5429.30","bucket":"-1","time":1578013835813,"group":{"id":"ui.dialogs","version":"9"},"event":{"count":1,"data":{"created":1578013835813,"type":"show"},"id":"com.intellij.openapi.progress.util.ProgressDialog$MyDialogWrapper"}}
{"session":"7b438712fca3","build":"183.5429.30","bucket":"-1","time":1578013837928,"group":{"id":"toolwindow.v2","version":"9"},"event":{"count":1,"data":{"created":1578013837928,"data_1":"Windows"},"id":"Project_by_Activation"}}
{"session":"7b438712fca3","build":"183.5429.30","bucket":"-1","time":1578013838386,"group":{"id":"statistics.ui.tips","version":"9"},"event":{"count":1,"data":{"created":1578013838386},"id":"shown.automatically"}}
{"session":"7b438712fca3","build":"183.5429.30","bucket":"-1","time":1578013838447,"group":{"id":"ui.dialogs","version":"9"},"event":{"count":1,"data":{"created":1578013838447,"type":"show"},"id":"com.intellij.ide.util.TipDialog"}}
{"session":"7b438712fca3","build":"183.5429.30","bucket":"-1","time":1578013838511,"group":{"id":"ui.dialogs","version":"9"},"event":{"count":1,"data":{"code":1,"created":1578013838511,"type":"close"},"id":"com.intellij.openapi.progress.util.ProgressDialog$MyDialogWrapper"}}
{"session":"7b438712fca3","build":"183.5429.30","bucket":"-1","time":1578013839213,"group":{"id":"statistics.lifecycle.project","version":"9"},"event":{"count":1,"data":{"created":1578013839214,"project":"1545610176"},"id":"project.open.time.7"}}
{"session":"7b438712fca3","build":"183.5429.30","bucket":"-1","time":1578013839214,"group":{"id":"lifecycle","version":"9"},"event":{"count":1,"data":{"created":1578013839214,"time.ms":7614},"id":"project.opening.finished"}}
