{"session":"6ee87c3c3604","build":"183.5429.30","bucket":"-1","time":1593519533870,"group":{"id":"system.os.name","version":"9"},"event":{"data":{"created":1593519533870},"id":"Windows"}}
{"session":"6ee87c3c3604","build":"183.5429.30","bucket":"-1","time":1593519533870,"group":{"id":"system.os.version","version":"9"},"event":{"data":{"created":1593519533881},"id":"10.0"}}
{"session":"6ee87c3c3604","build":"183.5429.30","bucket":"-1","time":1593519533870,"group":{"id":"system.jvm.vendor","version":"9"},"event":{"data":{"created":1593519533888},"id":"JetBrains_s.r.o"}}
{"session":"6ee87c3c3604","build":"183.5429.30","bucket":"-1","time":1593519533870,"group":{"id":"system.jvm.version","version":"9"},"event":{"data":{"created":1593519533889},"id":"1.8"}}
{"session":"6ee87c3c3604","build":"183.5429.30","bucket":"-1","time":1593519533887,"group":{"id":"settings","version":"9"},"event":{"data":{"created":1593519533889,"name":"activeMruEditorOnClose","value":false},"id":"UISettings"}}
{"session":"6ee87c3c3604","build":"183.5429.30","bucket":"-1","time":1593519533887,"group":{"id":"settings","version":"9"},"event":{"data":{"created":1593519533890,"name":"activeRightEditorOnClose","value":false},"id":"UISettings"}}
{"session":"6ee87c3c3604","build":"183.5429.30","bucket":"-1","time":1593519533887,"group":{"id":"settings","version":"9"},"event":{"data":{"created":1593519533890,"name":"allowMergeButtons","value":true},"id":"UISettings"}}
{"session":"6ee87c3c3604","build":"183.5429.30","bucket":"-1","time":1593519533887,"group":{"id":"settings","version":"9"},"event":{"data":{"created":1593519533891,"name":"alwaysShowWindowsButton","value":false},"id":"UISettings"}}
{"session":"6ee87c3c3604","build":"183.5429.30","bucket":"-1","time":1593519533887,"group":{"id":"settings","version":"9"},"event":{"data":{"created":1593519533891,"name":"animateWindows","value":true},"id":"UISettings"}}
{"session":"6ee87c3c3604","build":"183.5429.30","bucket":"-1","time":1593519533887,"group":{"id":"settings","version":"9"},"event":{"data":{"created":1593519533891,"name":"closeNonModifiedFilesFirst","value":false},"id":"UISettings"}}
{"session":"6ee87c3c3604","build":"183.5429.30","bucket":"-1","time":1593519533887,"group":{"id":"settings","version":"9"},"event":{"data":{"created":1593519533892,"name":"closeTabButtonOnTheRight","value":true},"id":"UISettings"}}
{"session":"6ee87c3c3604","build":"183.5429.30","bucket":"-1","time":1593519533887,"group":{"id":"settings","version":"9"},"event":{"data":{"created":1593519533892,"name":"cycleScrolling","value":true},"id":"UISettings"}}
{"session":"6ee87c3c3604","build":"183.5429.30","bucket":"-1","time":1593519533887,"group":{"id":"settings","version":"9"},"event":{"data":{"created":1593519533893,"name":"defaultAutoScrollToSource","value":false},"id":"UISettings"}}
{"session":"6ee87c3c3604","build":"183.5429.30","bucket":"-1","time":1593519533887,"group":{"id":"settings","version":"9"},"event":{"data":{"created":1593519533893,"name":"disableMnemonics","value":false},"id":"UISettings"}}
{"session":"6ee87c3c3604","build":"183.5429.30","bucket":"-1","time":1593519533888,"group":{"id":"settings","version":"9"},"event":{"data":{"created":1593519533894,"name":"disableMnemonicsInControls","value":false},"id":"UISettings"}}
{"session":"6ee87c3c3604","build":"183.5429.30","bucket":"-1","time":1593519533888,"group":{"id":"settings","version":"9"},"event":{"data":{"created":1593519533894,"name":"dndWithPressedAltOnly","value":false},"id":"UISettings"}}
{"session":"6ee87c3c3604","build":"183.5429.30","bucket":"-1","time":1593519533888,"group":{"id":"settings","version":"9"},"event":{"data":{"created":1593519533895,"name":"enableAlphaMode","value":false},"id":"UISettings"}}
{"session":"6ee87c3c3604","build":"183.5429.30","bucket":"-1","time":1593519533888,"group":{"id":"settings","version":"9"},"event":{"data":{"created":1593519533895,"name":"hideKnownExtensionInTabs","value":false},"id":"UISettings"}}
{"session":"6ee87c3c3604","build":"183.5429.30","bucket":"-1","time":1593519533888,"group":{"id":"settings","version":"9"},"event":{"data":{"created":1593519533895,"name":"hideNavigationOnFocusLoss","value":true},"id":"UISettings"}}
{"session":"6ee87c3c3604","build":"183.5429.30","bucket":"-1","time":1593519533888,"group":{"id":"settings","version":"9"},"event":{"data":{"created":1593519533896,"name":"hideTabsIfNeed","value":true},"id":"UISettings"}}
{"session":"6ee87c3c3604","build":"183.5429.30","bucket":"-1","time":1593519533888,"group":{"id":"settings","version":"9"},"event":{"data":{"created":1593519533896,"name":"hideToolStripes","value":false},"id":"UISettings"}}
{"session":"6ee87c3c3604","build":"183.5429.30","bucket":"-1","time":1593519533888,"group":{"id":"settings","version":"9"},"event":{"data":{"created":1593519533896,"name":"leftHorizontalSplit","value":false},"id":"UISettings"}}
{"session":"6ee87c3c3604","build":"183.5429.30","bucket":"-1","time":1593519533888,"group":{"id":"settings","version":"9"},"event":{"data":{"created":1593519533896,"name":"markModifiedTabsWithAsterisk","value":false},"id":"UISettings"}}
{"session":"6ee87c3c3604","build":"183.5429.30","bucket":"-1","time":1593519533888,"group":{"id":"settings","version":"9"},"event":{"data":{"created":1593519533897,"name":"mergeEqualStackTraces","value":true},"id":"UISettings"}}
{"session":"6ee87c3c3604","build":"183.5429.30","bucket":"-1","time":1593519533888,"group":{"id":"settings","version":"9"},"event":{"data":{"created":1593519533897,"name":"moveMouseOnDefaultButton","value":false},"id":"UISettings"}}
{"session":"6ee87c3c3604","build":"183.5429.30","bucket":"-1","time":1593519533888,"group":{"id":"settings","version":"9"},"event":{"data":{"created":1593519533897,"name":"navigateToPreview","value":false},"id":"UISettings"}}
{"session":"6ee87c3c3604","build":"183.5429.30","bucket":"-1","time":1593519533888,"group":{"id":"settings","version":"9"},"event":{"data":{"created":1593519533898,"name":"overrideConsoleCycleBufferSize","value":false},"id":"UISettings"}}
{"session":"6ee87c3c3604","build":"183.5429.30","bucket":"-1","time":1593519533888,"group":{"id":"settings","version":"9"},"event":{"data":{"created":1593519533898,"name":"overrideLafFonts","value":false},"id":"UISettings"}}
{"session":"6ee87c3c3604","build":"183.5429.30","bucket":"-1","time":1593519533888,"group":{"id":"settings","version":"9"},"event":{"data":{"default":false,"created":1593519533898,"name":"pinFindInPath","value":true},"id":"UISettings"}}
{"session":"6ee87c3c3604","build":"183.5429.30","bucket":"-1","time":1593519533888,"group":{"id":"settings","version":"9"},"event":{"data":{"created":1593519533899,"name":"presentationMode","value":false},"id":"UISettings"}}
{"session":"6ee87c3c3604","build":"183.5429.30","bucket":"-1","time":1593519533888,"group":{"id":"settings","version":"9"},"event":{"data":{"created":1593519533899,"name":"reuseNotModifiedTabs","value":false},"id":"UISettings"}}
{"session":"6ee87c3c3604","build":"183.5429.30","bucket":"-1","time":1593519533888,"group":{"id":"settings","version":"9"},"event":{"data":{"created":1593519533899,"name":"rightHorizontalSplit","value":false},"id":"UISettings"}}
{"session":"6ee87c3c3604","build":"183.5429.30","bucket":"-1","time":1593519533888,"group":{"id":"settings","version":"9"},"event":{"data":{"created":1593519533900,"name":"scrollTabLayoutInEditor","value":true},"id":"UISettings"}}
{"session":"6ee87c3c3604","build":"183.5429.30","bucket":"-1","time":1593519533888,"group":{"id":"settings","version":"9"},"event":{"data":{"created":1593519533900,"name":"showCloseButton","value":true},"id":"UISettings"}}
{"session":"6ee87c3c3604","build":"183.5429.30","bucket":"-1","time":1593519533888,"group":{"id":"settings","version":"9"},"event":{"data":{"created":1593519533901,"name":"showDirectoryForNonUniqueFilenames","value":true},"id":"UISettings"}}
{"session":"6ee87c3c3604","build":"183.5429.30","bucket":"-1","time":1593519533888,"group":{"id":"settings","version":"9"},"event":{"data":{"created":1593519533901,"name":"showEditorToolTip","value":true},"id":"UISettings"}}
{"session":"6ee87c3c3604","build":"183.5429.30","bucket":"-1","time":1593519533888,"group":{"id":"settings","version":"9"},"event":{"data":{"created":1593519533901,"name":"showIconInQuickNavigation","value":true},"id":"UISettings"}}
{"session":"6ee87c3c3604","build":"183.5429.30","bucket":"-1","time":1593519533888,"group":{"id":"settings","version":"9"},"event":{"data":{"created":1593519533902,"name":"showIconsInMenus","value":true},"id":"UISettings"}}
{"session":"6ee87c3c3604","build":"183.5429.30","bucket":"-1","time":1593519533888,"group":{"id":"settings","version":"9"},"event":{"data":{"created":1593519533902,"name":"showMainToolbar","value":false},"id":"UISettings"}}
{"session":"6ee87c3c3604","build":"183.5429.30","bucket":"-1","time":1593519533888,"group":{"id":"settings","version":"9"},"event":{"data":{"created":1593519533902,"name":"showMemoryIndicator","value":false},"id":"UISettings"}}
{"session":"6ee87c3c3604","build":"183.5429.30","bucket":"-1","time":1593519533888,"group":{"id":"settings","version":"9"},"event":{"data":{"created":1593519533903,"name":"showNavigationBar","value":true},"id":"UISettings"}}
{"session":"6ee87c3c3604","build":"183.5429.30","bucket":"-1","time":1593519533888,"group":{"id":"settings","version":"9"},"event":{"data":{"created":1593519533903,"name":"showStatusBar","value":true},"id":"UISettings"}}
{"session":"6ee87c3c3604","build":"183.5429.30","bucket":"-1","time":1593519533888,"group":{"id":"settings","version":"9"},"event":{"data":{"created":1593519533903,"name":"showTabsTooltips","value":true},"id":"UISettings"}}
{"session":"6ee87c3c3604","build":"183.5429.30","bucket":"-1","time":1593519533888,"group":{"id":"settings","version":"9"},"event":{"data":{"created":1593519533904,"name":"showToolWindowsNumbers","value":true},"id":"UISettings"}}
{"session":"6ee87c3c3604","build":"183.5429.30","bucket":"-1","time":1593519533888,"group":{"id":"settings","version":"9"},"event":{"data":{"created":1593519533904,"name":"smoothScrolling","value":false},"id":"UISettings"}}
{"session":"6ee87c3c3604","build":"183.5429.30","bucket":"-1","time":1593519533888,"group":{"id":"settings","version":"9"},"event":{"data":{"created":1593519533904,"name":"sortBookmarks","value":false},"id":"UISettings"}}
{"session":"6ee87c3c3604","build":"183.5429.30","bucket":"-1","time":1593519533889,"group":{"id":"settings","version":"9"},"event":{"data":{"created":1593519533904,"name":"sortLookupElementsLexicographically","value":false},"id":"UISettings"}}
{"session":"6ee87c3c3604","build":"183.5429.30","bucket":"-1","time":1593519533889,"group":{"id":"settings","version":"9"},"event":{"data":{"created":1593519533905,"name":"useSmallLabelsOnTabs","value":false},"id":"UISettings"}}
{"session":"6ee87c3c3604","build":"183.5429.30","bucket":"-1","time":1593519533889,"group":{"id":"settings","version":"9"},"event":{"data":{"created":1593519533905,"name":"wideScreenSupport","value":false},"id":"UISettings"}}
{"session":"6ee87c3c3604","build":"183.5429.30","bucket":"-1","time":1593519534959,"group":{"id":"settings","version":"9"},"event":{"data":{"created":1593519534959,"name":"autoSaveIfInactive","value":false},"id":"GeneralSettings"}}
{"session":"6ee87c3c3604","build":"183.5429.30","bucket":"-1","time":1593519534959,"group":{"id":"settings","version":"9"},"event":{"data":{"default":false,"created":1593519534959,"name":"confirmExit","value":false},"id":"GeneralSettings"}}
{"session":"6ee87c3c3604","build":"183.5429.30","bucket":"-1","time":1593519534959,"group":{"id":"settings","version":"9"},"event":{"data":{"default":false,"created":1593519534959,"name":"reopenLastProject","value":false},"id":"GeneralSettings"}}
{"session":"6ee87c3c3604","build":"183.5429.30","bucket":"-1","time":1593519534959,"group":{"id":"settings","version":"9"},"event":{"data":{"created":1593519534960,"name":"saveOnFrameDeactivation","value":true},"id":"GeneralSettings"}}
{"session":"6ee87c3c3604","build":"183.5429.30","bucket":"-1","time":1593519534959,"group":{"id":"settings","version":"9"},"event":{"data":{"created":1593519534960,"name":"searchInBackground","value":false},"id":"GeneralSettings"}}
{"session":"6ee87c3c3604","build":"183.5429.30","bucket":"-1","time":1593519534959,"group":{"id":"settings","version":"9"},"event":{"data":{"created":1593519534960,"name":"showTipsOnStartup","value":true},"id":"GeneralSettings"}}
{"session":"6ee87c3c3604","build":"183.5429.30","bucket":"-1","time":1593519534959,"group":{"id":"settings","version":"9"},"event":{"data":{"created":1593519534960,"name":"showWelcomeScreen","value":true},"id":"GeneralSettings"}}
{"session":"6ee87c3c3604","build":"183.5429.30","bucket":"-1","time":1593519534959,"group":{"id":"settings","version":"9"},"event":{"data":{"created":1593519534961,"name":"supportScreenReaders","value":false},"id":"GeneralSettings"}}
{"session":"6ee87c3c3604","build":"183.5429.30","bucket":"-1","time":1593519534959,"group":{"id":"settings","version":"9"},"event":{"data":{"created":1593519534961,"name":"syncOnFrameActivation","value":true},"id":"GeneralSettings"}}
{"session":"6ee87c3c3604","build":"183.5429.30","bucket":"-1","time":1593519534959,"group":{"id":"settings","version":"9"},"event":{"data":{"created":1593519534961,"name":"useDefaultBrowser","value":true},"id":"GeneralSettings"}}
{"session":"6ee87c3c3604","build":"183.5429.30","bucket":"-1","time":1593519534959,"group":{"id":"settings","version":"9"},"event":{"data":{"created":1593519534961,"name":"useSafeWrite","value":true},"id":"GeneralSettings"}}
{"session":"6ee87c3c3604","build":"183.5429.30","bucket":"-1","time":1593519537048,"group":{"id":"statistics.lifecycle.app","version":"9"},"event":{"count":1,"data":{"created":1593519537048},"id":"ide.start"}}
{"session":"6ee87c3c3604","build":"183.5429.30","bucket":"-1","time":1593519537049,"group":{"id":"lifecycle","version":"9"},"event":{"count":1,"data":{"created":1593519537049},"id":"app.started"}}
{"session":"6ee87c3c3604","build":"183.5429.30","bucket":"-1","time":1593519540495,"group":{"id":"ui.dialogs","version":"9"},"event":{"count":1,"data":{"created":1593519540495,"type":"show"},"id":"com.intellij.ide.a.h.D"}}
{"session":"6ee87c3c3604","build":"183.5429.30","bucket":"-1","time":1593519544078,"group":{"id":"ui.dialogs","version":"9"},"event":{"count":1,"data":{"code":1,"created":1593519544079,"type":"close"},"id":"com.intellij.ide.a.h.D"}}
{"session":"6ee87c3c3604","build":"183.5429.30","bucket":"-1","time":1593519544160,"group":{"id":"statistics.lifecycle.project","version":"9"},"event":{"count":1,"data":{"created":1593519544160,"project":"1545610176"},"id":"project.opened"}}
{"session":"6ee87c3c3604","build":"183.5429.30","bucket":"-1","time":1593519544160,"group":{"id":"lifecycle","version":"9"},"event":{"count":1,"data":{"created":1593519544160},"id":"project.opened"}}
{"session":"6ee87c3c3604","build":"183.5429.30","bucket":"-1","time":1593519545925,"group":{"id":"ui.dialogs","version":"9"},"event":{"count":1,"data":{"created":1593519545925,"type":"show"},"id":"com.intellij.openapi.progress.util.ProgressDialog$MyDialogWrapper"}}
{"session":"6ee87c3c3604","build":"183.5429.30","bucket":"-1","time":1593519548152,"group":{"id":"statistics.ide.self.update","version":"9"},"event":{"count":1,"data":{"created":1593519548152},"id":"notification.shown"}}
{"session":"6ee87c3c3604","build":"183.5429.30","bucket":"-1","time":1593519548558,"group":{"id":"toolwindow.v2","version":"9"},"event":{"count":1,"data":{"created":1593519548558,"data_1":"Windows"},"id":"Project_by_Activation"}}
{"session":"6ee87c3c3604","build":"183.5429.30","bucket":"-1","time":1593519549211,"group":{"id":"statistics.ui.tips","version":"9"},"event":{"count":1,"data":{"created":1593519549211},"id":"shown.automatically"}}
{"session":"6ee87c3c3604","build":"183.5429.30","bucket":"-1","time":1593519549262,"group":{"id":"ui.dialogs","version":"9"},"event":{"count":1,"data":{"created":1593519549262,"type":"show"},"id":"com.intellij.ide.util.TipDialog"}}
{"session":"6ee87c3c3604","build":"183.5429.30","bucket":"-1","time":1593519549353,"group":{"id":"ui.dialogs","version":"9"},"event":{"count":1,"data":{"code":1,"created":1593519549353,"type":"close"},"id":"com.intellij.openapi.progress.util.ProgressDialog$MyDialogWrapper"}}
{"session":"6ee87c3c3604","build":"183.5429.30","bucket":"-1","time":1593519549372,"group":{"id":"statistics.lifecycle.app","version":"9"},"event":{"count":1,"data":{"created":1593519549372},"id":"ide.close"}}
{"session":"6ee87c3c3604","build":"183.5429.30","bucket":"-1","time":1593519549372,"group":{"id":"lifecycle","version":"9"},"event":{"count":1,"data":{"restart":false,"created":1593519549372},"id":"app.closed"}}
{"session":"6ee87c3c3604","build":"183.5429.30","bucket":"-1","time":1593519549519,"group":{"id":"statistics.lifecycle.project","version":"9"},"event":{"count":1,"data":{"created":1593519549519,"project":"1545610176"},"id":"project.closed"}}
{"session":"6ee87c3c3604","build":"183.5429.30","bucket":"-1","time":1593519549833,"group":{"id":"lifecycle","version":"9"},"event":{"count":1,"data":{"created":1593519549833},"id":"project.closed"}}
